{"C:\\Users\\Dany\\OneDrive\\Escritorio\\Node\\tsServer\\__test__\\helpers\\login.ts": {"path":"C:\\Users\\Dany\\OneDrive\\Escritorio\\Node\\tsServer\\__test__\\helpers\\login.ts","statementMap":{"0":{"start":{"line":2,"column":0},"end":{"line":2,"column":29}},"1":{"start":{"line":4,"column":13},"end":{"line":7,"column":null}},"2":{"start":{"line":9,"column":13},"end":{"line":12,"column":null}},"3":{"start":{"line":14,"column":13},"end":{"line":17,"column":null}},"4":{"start":{"line":19,"column":13},"end":{"line":22,"column":null}},"5":{"start":{"line":25,"column":26},"end":{"line":31,"column":null}},"6":{"start":{"line":25,"column":37},"end":{"line":31,"column":null}},"7":{"start":{"line":26,"column":20},"end":{"line":27,"column":19}},"8":{"start":{"line":28,"column":3},"end":{"line":30,"column":5}},"9":{"start":{"line":25,"column":13},"end":{"line":25,"column":26}},"10":{"start":{"line":33,"column":30},"end":{"line":39,"column":null}},"11":{"start":{"line":33,"column":41},"end":{"line":39,"column":null}},"12":{"start":{"line":34,"column":21},"end":{"line":35,"column":18}},"13":{"start":{"line":36,"column":4},"end":{"line":38,"column":6}},"14":{"start":{"line":33,"column":13},"end":{"line":33,"column":30}},"15":{"start":{"line":41,"column":28},"end":{"line":47,"column":null}},"16":{"start":{"line":41,"column":39},"end":{"line":47,"column":null}},"17":{"start":{"line":42,"column":21},"end":{"line":43,"column":19}},"18":{"start":{"line":44,"column":4},"end":{"line":46,"column":6}},"19":{"start":{"line":41,"column":14},"end":{"line":41,"column":28}}},"fnMap":{"0":{"name":"(anonymous_7)","decl":{"start":{"line":25,"column":26},"end":{"line":25,"column":35}},"loc":{"start":{"line":25,"column":37},"end":{"line":31,"column":null}}},"1":{"name":"(anonymous_8)","decl":{"start":{"line":25,"column":37},"end":{"line":25,"column":null}},"loc":{"start":{"line":25,"column":37},"end":{"line":31,"column":1}}},"2":{"name":"(anonymous_9)","decl":{"start":{"line":33,"column":30},"end":{"line":33,"column":39}},"loc":{"start":{"line":33,"column":41},"end":{"line":39,"column":null}}},"3":{"name":"(anonymous_10)","decl":{"start":{"line":33,"column":41},"end":{"line":33,"column":null}},"loc":{"start":{"line":33,"column":41},"end":{"line":39,"column":2}}},"4":{"name":"(anonymous_11)","decl":{"start":{"line":41,"column":28},"end":{"line":41,"column":37}},"loc":{"start":{"line":41,"column":39},"end":{"line":47,"column":null}}},"5":{"name":"(anonymous_12)","decl":{"start":{"line":41,"column":39},"end":{"line":41,"column":null}},"loc":{"start":{"line":41,"column":39},"end":{"line":47,"column":2}}}},"branchMap":{},"s":{"0":3,"1":3,"2":3,"3":3,"4":3,"5":3,"6":16,"7":16,"8":16,"9":3,"10":3,"11":16,"12":16,"13":16,"14":3,"15":3,"16":16,"17":16,"18":16,"19":3},"f":{"0":16,"1":16,"2":16,"3":16,"4":16,"5":16},"b":{}}
,"C:\\Users\\Dany\\OneDrive\\Escritorio\\Node\\tsServer\\__test__\\helpers\\post.ts": {"path":"C:\\Users\\Dany\\OneDrive\\Escritorio\\Node\\tsServer\\__test__\\helpers\\post.ts","statementMap":{"0":{"start":{"line":1,"column":0},"end":{"line":1,"column":35}},"1":{"start":{"line":2,"column":0},"end":{"line":2,"column":34}},"2":{"start":{"line":4,"column":13},"end":{"line":4,"column":null}},"3":{"start":{"line":7,"column":13},"end":{"line":19,"column":5}},"4":{"start":{"line":21,"column":13},"end":{"line":25,"column":2}},"5":{"start":{"line":28,"column":24},"end":{"line":34,"column":null}},"6":{"start":{"line":28,"column":35},"end":{"line":34,"column":null}},"7":{"start":{"line":29,"column":19},"end":{"line":29,"column":46}},"8":{"start":{"line":30,"column":2},"end":{"line":33,"column":null}},"9":{"start":{"line":31,"column":67},"end":{"line":31,"column":79}},"10":{"start":{"line":28,"column":13},"end":{"line":28,"column":24}}},"fnMap":{"0":{"name":"(anonymous_8)","decl":{"start":{"line":28,"column":24},"end":{"line":28,"column":33}},"loc":{"start":{"line":28,"column":35},"end":{"line":34,"column":null}}},"1":{"name":"(anonymous_9)","decl":{"start":{"line":28,"column":35},"end":{"line":28,"column":null}},"loc":{"start":{"line":28,"column":35},"end":{"line":34,"column":1}}},"2":{"name":"(anonymous_10)","decl":{"start":{"line":31,"column":38},"end":{"line":31,"column":39}},"loc":{"start":{"line":31,"column":67},"end":{"line":31,"column":79}}}},"branchMap":{},"s":{"0":3,"1":3,"2":3,"3":3,"4":3,"5":3,"6":2,"7":2,"8":2,"9":5,"10":3},"f":{"0":2,"1":2,"2":5},"b":{}}
,"C:\\Users\\Dany\\OneDrive\\Escritorio\\Node\\tsServer\\config\\config.ts": {"path":"C:\\Users\\Dany\\OneDrive\\Escritorio\\Node\\tsServer\\config\\config.ts","statementMap":{"0":{"start":{"line":1,"column":0},"end":{"line":8,"column":4}}},"fnMap":{},"branchMap":{},"s":{"0":3},"f":{},"b":{}}
,"C:\\Users\\Dany\\OneDrive\\Escritorio\\Node\\tsServer\\controllers\\auth.controller.ts": {"path":"C:\\Users\\Dany\\OneDrive\\Escritorio\\Node\\tsServer\\controllers\\auth.controller.ts","statementMap":{"0":{"start":{"line":2,"column":0},"end":{"line":2,"column":46}},"1":{"start":{"line":3,"column":0},"end":{"line":3,"column":29}},"2":{"start":{"line":4,"column":0},"end":{"line":4,"column":53}},"3":{"start":{"line":8,"column":21},"end":{"line":48,"column":null}},"4":{"start":{"line":8,"column":58},"end":{"line":48,"column":null}},"5":{"start":{"line":10,"column":32},"end":{"line":10,"column":40}},"6":{"start":{"line":11,"column":4},"end":{"line":46,"column":null}},"7":{"start":{"line":13,"column":24},"end":{"line":13,"column":65}},"8":{"start":{"line":14,"column":8},"end":{"line":18,"column":null}},"9":{"start":{"line":15,"column":12},"end":{"line":17,"column":15}},"10":{"start":{"line":20,"column":8},"end":{"line":24,"column":null}},"11":{"start":{"line":21,"column":12},"end":{"line":23,"column":15}},"12":{"start":{"line":27,"column":30},"end":{"line":27,"column":75}},"13":{"start":{"line":28,"column":8},"end":{"line":32,"column":null}},"14":{"start":{"line":29,"column":12},"end":{"line":31,"column":15}},"15":{"start":{"line":35,"column":22},"end":{"line":35,"column":50}},"16":{"start":{"line":37,"column":8},"end":{"line":40,"column":11}},"17":{"start":{"line":42,"column":8},"end":{"line":42,"column":27}},"18":{"start":{"line":43,"column":8},"end":{"line":45,"column":11}},"19":{"start":{"line":8,"column":13},"end":{"line":8,"column":21}}},"fnMap":{"0":{"name":"(anonymous_8)","decl":{"start":{"line":8,"column":21},"end":{"line":8,"column":27}},"loc":{"start":{"line":8,"column":58},"end":{"line":48,"column":null}}},"1":{"name":"(anonymous_9)","decl":{"start":{"line":8,"column":58},"end":{"line":8,"column":null}},"loc":{"start":{"line":8,"column":58},"end":{"line":48,"column":1}}}},"branchMap":{"0":{"loc":{"start":{"line":14,"column":8},"end":{"line":18,"column":null}},"type":"if","locations":[{"start":{"line":14,"column":8},"end":{"line":18,"column":null}},{"start":{"line":14,"column":8},"end":{"line":18,"column":null}}]},"1":{"loc":{"start":{"line":20,"column":8},"end":{"line":24,"column":null}},"type":"if","locations":[{"start":{"line":20,"column":8},"end":{"line":24,"column":null}},{"start":{"line":20,"column":8},"end":{"line":24,"column":null}}]},"2":{"loc":{"start":{"line":28,"column":8},"end":{"line":32,"column":null}},"type":"if","locations":[{"start":{"line":28,"column":8},"end":{"line":32,"column":null}},{"start":{"line":28,"column":8},"end":{"line":32,"column":null}}]}},"s":{"0":3,"1":3,"2":3,"3":3,"4":50,"5":50,"6":50,"7":50,"8":50,"9":1,"10":49,"11":0,"12":49,"13":49,"14":0,"15":49,"16":49,"17":0,"18":0,"19":3},"f":{"0":50,"1":50},"b":{"0":[1,49],"1":[0,49],"2":[0,49]}}
,"C:\\Users\\Dany\\OneDrive\\Escritorio\\Node\\tsServer\\controllers\\post.controller.ts": {"path":"C:\\Users\\Dany\\OneDrive\\Escritorio\\Node\\tsServer\\controllers\\post.controller.ts","statementMap":{"0":{"start":{"line":2,"column":0},"end":{"line":2,"column":40}},"1":{"start":{"line":3,"column":0},"end":{"line":3,"column":55}},"2":{"start":{"line":4,"column":0},"end":{"line":4,"column":43}},"3":{"start":{"line":5,"column":0},"end":{"line":5,"column":60}},"4":{"start":{"line":9,"column":24},"end":{"line":21,"column":null}},"5":{"start":{"line":9,"column":62},"end":{"line":21,"column":null}},"6":{"start":{"line":10,"column":27},"end":{"line":13,"column":6}},"7":{"start":{"line":15,"column":20},"end":{"line":15,"column":35}},"8":{"start":{"line":17,"column":4},"end":{"line":20,"column":7}},"9":{"start":{"line":9,"column":13},"end":{"line":9,"column":24}},"10":{"start":{"line":24,"column":28},"end":{"line":53,"column":null}},"11":{"start":{"line":24,"column":66},"end":{"line":53,"column":null}},"12":{"start":{"line":26,"column":38},"end":{"line":26,"column":48}},"13":{"start":{"line":28,"column":23},"end":{"line":28,"column":49}},"14":{"start":{"line":29,"column":19},"end":{"line":32,"column":6}},"15":{"start":{"line":34,"column":16},"end":{"line":40,"column":6}},"16":{"start":{"line":42,"column":27},"end":{"line":45,"column":6}},"17":{"start":{"line":47,"column":20},"end":{"line":47,"column":35}},"18":{"start":{"line":49,"column":4},"end":{"line":52,"column":7}},"19":{"start":{"line":24,"column":13},"end":{"line":24,"column":28}},"20":{"start":{"line":56,"column":23},"end":{"line":67,"column":null}},"21":{"start":{"line":56,"column":61},"end":{"line":67,"column":null}},"22":{"start":{"line":57,"column":19},"end":{"line":57,"column":29}},"23":{"start":{"line":58,"column":17},"end":{"line":58,"column":40}},"24":{"start":{"line":60,"column":4},"end":{"line":66,"column":null}},"25":{"start":{"line":61,"column":8},"end":{"line":61,"column":23}},"26":{"start":{"line":63,"column":8},"end":{"line":65,"column":11}},"27":{"start":{"line":56,"column":13},"end":{"line":56,"column":23}},"28":{"start":{"line":69,"column":29},"end":{"line":114,"column":null}},"29":{"start":{"line":69,"column":67},"end":{"line":114,"column":null}},"30":{"start":{"line":71,"column":20},"end":{"line":71,"column":34}},"31":{"start":{"line":72,"column":24},"end":{"line":72,"column":51}},"32":{"start":{"line":74,"column":32},"end":{"line":74,"column":40}},"33":{"start":{"line":76,"column":17},"end":{"line":81,"column":6}},"34":{"start":{"line":84,"column":4},"end":{"line":113,"column":null}},"35":{"start":{"line":86,"column":21},"end":{"line":86,"column":35}},"36":{"start":{"line":87,"column":21},"end":{"line":87,"column":38}},"37":{"start":{"line":88,"column":19},"end":{"line":88,"column":37}},"38":{"start":{"line":90,"column":8},"end":{"line":101,"column":null}},"39":{"start":{"line":91,"column":34},"end":{"line":95,"column":null}},"40":{"start":{"line":97,"column":30},"end":{"line":97,"column":58}},"41":{"start":{"line":98,"column":12},"end":{"line":98,"column":35}},"42":{"start":{"line":103,"column":8},"end":{"line":106,"column":11}},"43":{"start":{"line":109,"column":8},"end":{"line":109,"column":27}},"44":{"start":{"line":110,"column":8},"end":{"line":112,"column":11}},"45":{"start":{"line":69,"column":13},"end":{"line":69,"column":29}},"46":{"start":{"line":117,"column":23},"end":{"line":164,"column":null}},"47":{"start":{"line":117,"column":61},"end":{"line":164,"column":null}},"48":{"start":{"line":119,"column":19},"end":{"line":119,"column":29}},"49":{"start":{"line":120,"column":32},"end":{"line":120,"column":40}},"50":{"start":{"line":121,"column":4},"end":{"line":163,"column":null}},"51":{"start":{"line":123,"column":21},"end":{"line":123,"column":44}},"52":{"start":{"line":124,"column":8},"end":{"line":128,"column":null}},"53":{"start":{"line":125,"column":12},"end":{"line":127,"column":15}},"54":{"start":{"line":130,"column":21},"end":{"line":133,"column":10}},"55":{"start":{"line":135,"column":23},"end":{"line":135,"column":46}},"56":{"start":{"line":137,"column":8},"end":{"line":149,"column":null}},"57":{"start":{"line":138,"column":28},"end":{"line":138,"column":42}},"58":{"start":{"line":139,"column":26},"end":{"line":139,"column":53}},"59":{"start":{"line":140,"column":34},"end":{"line":145,"column":null}},"60":{"start":{"line":147,"column":30},"end":{"line":147,"column":58}},"61":{"start":{"line":148,"column":12},"end":{"line":148,"column":35}},"62":{"start":{"line":152,"column":8},"end":{"line":155,"column":11}},"63":{"start":{"line":159,"column":8},"end":{"line":159,"column":27}},"64":{"start":{"line":160,"column":8},"end":{"line":162,"column":11}},"65":{"start":{"line":117,"column":13},"end":{"line":117,"column":23}},"66":{"start":{"line":167,"column":26},"end":{"line":207,"column":null}},"67":{"start":{"line":167,"column":64},"end":{"line":207,"column":null}},"68":{"start":{"line":169,"column":19},"end":{"line":169,"column":29}},"69":{"start":{"line":171,"column":4},"end":{"line":206,"column":null}},"70":{"start":{"line":173,"column":21},"end":{"line":173,"column":44}},"71":{"start":{"line":174,"column":8},"end":{"line":178,"column":null}},"72":{"start":{"line":175,"column":12},"end":{"line":177,"column":15}},"73":{"start":{"line":181,"column":8},"end":{"line":181,"column":29}},"74":{"start":{"line":183,"column":24},"end":{"line":183,"column":38}},"75":{"start":{"line":184,"column":22},"end":{"line":184,"column":49}},"76":{"start":{"line":185,"column":30},"end":{"line":190,"column":null}},"77":{"start":{"line":192,"column":26},"end":{"line":192,"column":54}},"78":{"start":{"line":193,"column":8},"end":{"line":193,"column":31}},"79":{"start":{"line":196,"column":8},"end":{"line":199,"column":11}},"80":{"start":{"line":202,"column":8},"end":{"line":202,"column":27}},"81":{"start":{"line":203,"column":8},"end":{"line":205,"column":11}},"82":{"start":{"line":167,"column":13},"end":{"line":167,"column":26}},"83":{"start":{"line":210,"column":32},"end":{"line":228,"column":null}},"84":{"start":{"line":210,"column":70},"end":{"line":228,"column":null}},"85":{"start":{"line":211,"column":19},"end":{"line":211,"column":29}},"86":{"start":{"line":213,"column":17},"end":{"line":213,"column":40}},"87":{"start":{"line":215,"column":4},"end":{"line":219,"column":null}},"88":{"start":{"line":216,"column":8},"end":{"line":218,"column":11}},"89":{"start":{"line":221,"column":22},"end":{"line":222,"column":67}},"90":{"start":{"line":224,"column":4},"end":{"line":227,"column":null}},"91":{"start":{"line":225,"column":34},"end":{"line":225,"column":46}},"92":{"start":{"line":225,"column":20},"end":{"line":225,"column":25}},"93":{"start":{"line":225,"column":29},"end":{"line":225,"column":34}},"94":{"start":{"line":226,"column":8},"end":{"line":226,"column":23}},"95":{"start":{"line":210,"column":13},"end":{"line":210,"column":32}}},"fnMap":{"0":{"name":"(anonymous_9)","decl":{"start":{"line":9,"column":24},"end":{"line":9,"column":31}},"loc":{"start":{"line":9,"column":62},"end":{"line":21,"column":null}}},"1":{"name":"(anonymous_10)","decl":{"start":{"line":9,"column":62},"end":{"line":9,"column":null}},"loc":{"start":{"line":9,"column":62},"end":{"line":21,"column":1}}},"2":{"name":"(anonymous_11)","decl":{"start":{"line":24,"column":28},"end":{"line":24,"column":35}},"loc":{"start":{"line":24,"column":66},"end":{"line":53,"column":null}}},"3":{"name":"(anonymous_12)","decl":{"start":{"line":24,"column":66},"end":{"line":24,"column":null}},"loc":{"start":{"line":24,"column":66},"end":{"line":53,"column":1}}},"4":{"name":"(anonymous_13)","decl":{"start":{"line":56,"column":23},"end":{"line":56,"column":30}},"loc":{"start":{"line":56,"column":61},"end":{"line":67,"column":null}}},"5":{"name":"(anonymous_14)","decl":{"start":{"line":56,"column":61},"end":{"line":56,"column":null}},"loc":{"start":{"line":56,"column":61},"end":{"line":67,"column":1}}},"6":{"name":"(anonymous_15)","decl":{"start":{"line":69,"column":29},"end":{"line":69,"column":36}},"loc":{"start":{"line":69,"column":67},"end":{"line":114,"column":null}}},"7":{"name":"(anonymous_16)","decl":{"start":{"line":69,"column":67},"end":{"line":69,"column":null}},"loc":{"start":{"line":69,"column":67},"end":{"line":114,"column":1}}},"8":{"name":"(anonymous_17)","decl":{"start":{"line":117,"column":23},"end":{"line":117,"column":30}},"loc":{"start":{"line":117,"column":61},"end":{"line":164,"column":null}}},"9":{"name":"(anonymous_18)","decl":{"start":{"line":117,"column":61},"end":{"line":117,"column":null}},"loc":{"start":{"line":117,"column":61},"end":{"line":164,"column":1}}},"10":{"name":"(anonymous_19)","decl":{"start":{"line":167,"column":26},"end":{"line":167,"column":33}},"loc":{"start":{"line":167,"column":64},"end":{"line":207,"column":null}}},"11":{"name":"(anonymous_20)","decl":{"start":{"line":167,"column":64},"end":{"line":167,"column":null}},"loc":{"start":{"line":167,"column":64},"end":{"line":207,"column":1}}},"12":{"name":"(anonymous_21)","decl":{"start":{"line":210,"column":32},"end":{"line":210,"column":39}},"loc":{"start":{"line":210,"column":70},"end":{"line":228,"column":null}}},"13":{"name":"(anonymous_22)","decl":{"start":{"line":210,"column":70},"end":{"line":210,"column":null}},"loc":{"start":{"line":210,"column":70},"end":{"line":228,"column":1}}}},"branchMap":{"0":{"loc":{"start":{"line":60,"column":4},"end":{"line":66,"column":null}},"type":"if","locations":[{"start":{"line":60,"column":4},"end":{"line":66,"column":null}},{"start":{"line":60,"column":4},"end":{"line":66,"column":null}}]},"1":{"loc":{"start":{"line":90,"column":8},"end":{"line":101,"column":null}},"type":"if","locations":[{"start":{"line":90,"column":8},"end":{"line":101,"column":null}},{"start":{"line":90,"column":8},"end":{"line":101,"column":null}}]},"2":{"loc":{"start":{"line":124,"column":8},"end":{"line":128,"column":null}},"type":"if","locations":[{"start":{"line":124,"column":8},"end":{"line":128,"column":null}},{"start":{"line":124,"column":8},"end":{"line":128,"column":null}}]},"3":{"loc":{"start":{"line":137,"column":8},"end":{"line":149,"column":null}},"type":"if","locations":[{"start":{"line":137,"column":8},"end":{"line":149,"column":null}},{"start":{"line":137,"column":8},"end":{"line":149,"column":null}}]},"4":{"loc":{"start":{"line":174,"column":8},"end":{"line":178,"column":null}},"type":"if","locations":[{"start":{"line":174,"column":8},"end":{"line":178,"column":null}},{"start":{"line":174,"column":8},"end":{"line":178,"column":null}}]},"5":{"loc":{"start":{"line":215,"column":4},"end":{"line":219,"column":null}},"type":"if","locations":[{"start":{"line":215,"column":4},"end":{"line":219,"column":null}},{"start":{"line":215,"column":4},"end":{"line":219,"column":null}}]},"6":{"loc":{"start":{"line":221,"column":42},"end":{"line":221,"column":44}},"type":"cond-expr","locations":[{"start":{"line":221,"column":42},"end":{"line":221,"column":44}},{"start":{"line":221,"column":42},"end":{"line":222,"column":66}}]},"7":{"loc":{"start":{"line":221,"column":28},"end":{"line":221,"column":44}},"type":"binary-expr","locations":[{"start":{"line":221,"column":28},"end":{"line":221,"column":44}},{"start":{"line":221,"column":42},"end":{"line":221,"column":44}}]},"8":{"loc":{"start":{"line":224,"column":4},"end":{"line":227,"column":null}},"type":"if","locations":[{"start":{"line":224,"column":4},"end":{"line":227,"column":null}},{"start":{"line":224,"column":4},"end":{"line":227,"column":null}}]}},"s":{"0":3,"1":3,"2":3,"3":3,"4":3,"5":4,"6":4,"7":4,"8":4,"9":3,"10":3,"11":0,"12":0,"13":0,"14":0,"15":0,"16":0,"17":0,"18":0,"19":3,"20":3,"21":2,"22":2,"23":2,"24":2,"25":1,"26":1,"27":3,"28":3,"29":1,"30":1,"31":1,"32":1,"33":1,"34":1,"35":1,"36":1,"37":1,"38":1,"39":1,"40":1,"41":1,"42":1,"43":0,"44":0,"45":3,"46":3,"47":0,"48":0,"49":0,"50":0,"51":0,"52":0,"53":0,"54":0,"55":0,"56":0,"57":0,"58":0,"59":0,"60":0,"61":0,"62":0,"63":0,"64":0,"65":3,"66":3,"67":0,"68":0,"69":0,"70":0,"71":0,"72":0,"73":0,"74":0,"75":0,"76":0,"77":0,"78":0,"79":0,"80":0,"81":0,"82":3,"83":3,"84":0,"85":0,"86":0,"87":0,"88":0,"89":0,"90":0,"91":0,"92":0,"93":0,"94":0,"95":3},"f":{"0":4,"1":4,"2":0,"3":0,"4":2,"5":2,"6":1,"7":1,"8":0,"9":0,"10":0,"11":0,"12":0,"13":0},"b":{"0":[1,1],"1":[1,0],"2":[0,0],"3":[0,0],"4":[0,0],"5":[0,0],"6":[0,0],"7":[0,0],"8":[0,0]}}
,"C:\\Users\\Dany\\OneDrive\\Escritorio\\Node\\tsServer\\controllers\\review.controller.ts": {"path":"C:\\Users\\Dany\\OneDrive\\Escritorio\\Node\\tsServer\\controllers\\review.controller.ts","statementMap":{"0":{"start":{"line":2,"column":0},"end":{"line":2,"column":93}},"1":{"start":{"line":3,"column":0},"end":{"line":3,"column":44}},"2":{"start":{"line":4,"column":0},"end":{"line":4,"column":40}},"3":{"start":{"line":7,"column":26},"end":{"line":26,"column":null}},"4":{"start":{"line":7,"column":64},"end":{"line":26,"column":null}},"5":{"start":{"line":9,"column":19},"end":{"line":9,"column":29}},"6":{"start":{"line":10,"column":18},"end":{"line":12,"column":null}},"7":{"start":{"line":14,"column":35},"end":{"line":18,"column":6}},"8":{"start":{"line":20,"column":4},"end":{"line":24,"column":7}},"9":{"start":{"line":7,"column":13},"end":{"line":7,"column":26}},"10":{"start":{"line":29,"column":26},"end":{"line":74,"column":null}},"11":{"start":{"line":29,"column":64},"end":{"line":74,"column":null}},"12":{"start":{"line":31,"column":19},"end":{"line":31,"column":29}},"13":{"start":{"line":32,"column":18},"end":{"line":32,"column":45}},"14":{"start":{"line":33,"column":47},"end":{"line":33,"column":55}},"15":{"start":{"line":35,"column":17},"end":{"line":41,"column":null}},"16":{"start":{"line":43,"column":4},"end":{"line":49,"column":null}},"17":{"start":{"line":44,"column":35},"end":{"line":44,"column":69}},"18":{"start":{"line":45,"column":8},"end":{"line":47,"column":null}},"19":{"start":{"line":46,"column":12},"end":{"line":46,"column":60}},"20":{"start":{"line":48,"column":8},"end":{"line":48,"column":41}},"21":{"start":{"line":51,"column":4},"end":{"line":57,"column":null}},"22":{"start":{"line":52,"column":30},"end":{"line":52,"column":64}},"23":{"start":{"line":53,"column":8},"end":{"line":55,"column":null}},"24":{"start":{"line":54,"column":12},"end":{"line":54,"column":55}},"25":{"start":{"line":56,"column":8},"end":{"line":56,"column":null}},"26":{"start":{"line":59,"column":4},"end":{"line":68,"column":null}},"27":{"start":{"line":60,"column":21},"end":{"line":60,"column":37}},"28":{"start":{"line":61,"column":8},"end":{"line":61,"column":26}},"29":{"start":{"line":64,"column":8},"end":{"line":64,"column":27}},"30":{"start":{"line":65,"column":8},"end":{"line":67,"column":11}},"31":{"start":{"line":70,"column":4},"end":{"line":73,"column":7}},"32":{"start":{"line":29,"column":13},"end":{"line":29,"column":26}}},"fnMap":{"0":{"name":"(anonymous_8)","decl":{"start":{"line":7,"column":26},"end":{"line":7,"column":33}},"loc":{"start":{"line":7,"column":64},"end":{"line":26,"column":null}}},"1":{"name":"(anonymous_9)","decl":{"start":{"line":7,"column":64},"end":{"line":7,"column":null}},"loc":{"start":{"line":7,"column":64},"end":{"line":26,"column":1}}},"2":{"name":"(anonymous_10)","decl":{"start":{"line":29,"column":26},"end":{"line":29,"column":33}},"loc":{"start":{"line":29,"column":64},"end":{"line":74,"column":null}}},"3":{"name":"(anonymous_11)","decl":{"start":{"line":29,"column":64},"end":{"line":29,"column":null}},"loc":{"start":{"line":29,"column":64},"end":{"line":74,"column":1}}}},"branchMap":{"0":{"loc":{"start":{"line":43,"column":4},"end":{"line":49,"column":null}},"type":"if","locations":[{"start":{"line":43,"column":4},"end":{"line":49,"column":null}},{"start":{"line":43,"column":4},"end":{"line":49,"column":null}}]},"1":{"loc":{"start":{"line":45,"column":8},"end":{"line":47,"column":null}},"type":"if","locations":[{"start":{"line":45,"column":8},"end":{"line":47,"column":null}},{"start":{"line":45,"column":8},"end":{"line":47,"column":null}}]},"2":{"loc":{"start":{"line":51,"column":4},"end":{"line":57,"column":null}},"type":"if","locations":[{"start":{"line":51,"column":4},"end":{"line":57,"column":null}},{"start":{"line":51,"column":4},"end":{"line":57,"column":null}}]},"3":{"loc":{"start":{"line":53,"column":8},"end":{"line":55,"column":null}},"type":"if","locations":[{"start":{"line":53,"column":8},"end":{"line":55,"column":null}},{"start":{"line":53,"column":8},"end":{"line":55,"column":null}}]}},"s":{"0":3,"1":3,"2":3,"3":3,"4":0,"5":0,"6":0,"7":0,"8":0,"9":3,"10":3,"11":0,"12":0,"13":0,"14":0,"15":0,"16":0,"17":0,"18":0,"19":0,"20":0,"21":0,"22":0,"23":0,"24":0,"25":0,"26":0,"27":0,"28":0,"29":0,"30":0,"31":0,"32":3},"f":{"0":0,"1":0,"2":0,"3":0},"b":{"0":[0,0],"1":[0,0],"2":[0,0],"3":[0,0]}}
,"C:\\Users\\Dany\\OneDrive\\Escritorio\\Node\\tsServer\\controllers\\usuario.controller.ts": {"path":"C:\\Users\\Dany\\OneDrive\\Escritorio\\Node\\tsServer\\controllers\\usuario.controller.ts","statementMap":{"0":{"start":{"line":2,"column":0},"end":{"line":2,"column":29}},"1":{"start":{"line":3,"column":0},"end":{"line":3,"column":46}},"2":{"start":{"line":4,"column":0},"end":{"line":4,"column":61}},"3":{"start":{"line":5,"column":0},"end":{"line":5,"column":76}},"4":{"start":{"line":8,"column":27},"end":{"line":22,"column":null}},"5":{"start":{"line":8,"column":65},"end":{"line":22,"column":null}},"6":{"start":{"line":11,"column":18},"end":{"line":11,"column":34}},"7":{"start":{"line":13,"column":30},"end":{"line":16,"column":6}},"8":{"start":{"line":18,"column":4},"end":{"line":21,"column":7}},"9":{"start":{"line":8,"column":13},"end":{"line":8,"column":27}},"10":{"start":{"line":24,"column":26},"end":{"line":36,"column":null}},"11":{"start":{"line":24,"column":64},"end":{"line":36,"column":null}},"12":{"start":{"line":26,"column":19},"end":{"line":26,"column":29}},"13":{"start":{"line":27,"column":20},"end":{"line":27,"column":46}},"14":{"start":{"line":29,"column":4},"end":{"line":35,"column":null}},"15":{"start":{"line":30,"column":8},"end":{"line":30,"column":26}},"16":{"start":{"line":32,"column":8},"end":{"line":34,"column":null}},"17":{"start":{"line":24,"column":13},"end":{"line":24,"column":26}},"18":{"start":{"line":38,"column":27},"end":{"line":65,"column":null}},"19":{"start":{"line":38,"column":65},"end":{"line":65,"column":null}},"20":{"start":{"line":40,"column":45},"end":{"line":40,"column":53}},"21":{"start":{"line":41,"column":4},"end":{"line":43,"column":null}},"22":{"start":{"line":42,"column":8},"end":{"line":42,"column":25}},"23":{"start":{"line":45,"column":20},"end":{"line":45,"column":65}},"24":{"start":{"line":48,"column":17},"end":{"line":48,"column":36}},"25":{"start":{"line":49,"column":4},"end":{"line":49,"column":54}},"26":{"start":{"line":51,"column":4},"end":{"line":64,"column":null}},"27":{"start":{"line":53,"column":8},"end":{"line":53,"column":29}},"28":{"start":{"line":54,"column":8},"end":{"line":54,"column":26}},"29":{"start":{"line":58,"column":8},"end":{"line":58,"column":27}},"30":{"start":{"line":59,"column":8},"end":{"line":62,"column":11}},"31":{"start":{"line":38,"column":13},"end":{"line":38,"column":27}},"32":{"start":{"line":67,"column":27},"end":{"line":109,"column":null}},"33":{"start":{"line":67,"column":65},"end":{"line":109,"column":null}},"34":{"start":{"line":68,"column":19},"end":{"line":68,"column":29}},"35":{"start":{"line":69,"column":39},"end":{"line":69,"column":47}},"36":{"start":{"line":69,"column":25},"end":{"line":69,"column":30}},"37":{"start":{"line":69,"column":34},"end":{"line":69,"column":39}},"38":{"start":{"line":71,"column":4},"end":{"line":75,"column":null}},"39":{"start":{"line":73,"column":21},"end":{"line":73,"column":40}},"40":{"start":{"line":74,"column":8},"end":{"line":74,"column":55}},"41":{"start":{"line":77,"column":4},"end":{"line":84,"column":null}},"42":{"start":{"line":78,"column":23},"end":{"line":78,"column":43}},"43":{"start":{"line":80,"column":8},"end":{"line":82,"column":null}},"44":{"start":{"line":81,"column":12},"end":{"line":81,"column":48}},"45":{"start":{"line":83,"column":8},"end":{"line":83,"column":23}},"46":{"start":{"line":86,"column":4},"end":{"line":108,"column":null}},"47":{"start":{"line":88,"column":24},"end":{"line":88,"column":50}},"48":{"start":{"line":89,"column":8},"end":{"line":93,"column":null}},"49":{"start":{"line":90,"column":12},"end":{"line":92,"column":15}},"50":{"start":{"line":95,"column":8},"end":{"line":95,"column":35}},"51":{"start":{"line":97,"column":8},"end":{"line":100,"column":11}},"52":{"start":{"line":104,"column":8},"end":{"line":104,"column":27}},"53":{"start":{"line":105,"column":8},"end":{"line":107,"column":11}},"54":{"start":{"line":67,"column":13},"end":{"line":67,"column":27}},"55":{"start":{"line":111,"column":30},"end":{"line":137,"column":null}},"56":{"start":{"line":111,"column":68},"end":{"line":137,"column":null}},"57":{"start":{"line":113,"column":19},"end":{"line":113,"column":29}},"58":{"start":{"line":115,"column":4},"end":{"line":136,"column":null}},"59":{"start":{"line":117,"column":24},"end":{"line":117,"column":50}},"60":{"start":{"line":118,"column":8},"end":{"line":122,"column":null}},"61":{"start":{"line":119,"column":12},"end":{"line":121,"column":15}},"62":{"start":{"line":124,"column":8},"end":{"line":124,"column":32}},"63":{"start":{"line":126,"column":8},"end":{"line":129,"column":11}},"64":{"start":{"line":132,"column":8},"end":{"line":132,"column":27}},"65":{"start":{"line":133,"column":8},"end":{"line":135,"column":11}},"66":{"start":{"line":111,"column":13},"end":{"line":111,"column":30}}},"fnMap":{"0":{"name":"(anonymous_9)","decl":{"start":{"line":8,"column":27},"end":{"line":8,"column":34}},"loc":{"start":{"line":8,"column":65},"end":{"line":22,"column":null}}},"1":{"name":"(anonymous_10)","decl":{"start":{"line":8,"column":65},"end":{"line":8,"column":null}},"loc":{"start":{"line":8,"column":65},"end":{"line":22,"column":1}}},"2":{"name":"(anonymous_11)","decl":{"start":{"line":24,"column":26},"end":{"line":24,"column":33}},"loc":{"start":{"line":24,"column":64},"end":{"line":36,"column":null}}},"3":{"name":"(anonymous_12)","decl":{"start":{"line":24,"column":64},"end":{"line":24,"column":null}},"loc":{"start":{"line":24,"column":64},"end":{"line":36,"column":1}}},"4":{"name":"(anonymous_13)","decl":{"start":{"line":38,"column":27},"end":{"line":38,"column":34}},"loc":{"start":{"line":38,"column":65},"end":{"line":65,"column":null}}},"5":{"name":"(anonymous_14)","decl":{"start":{"line":38,"column":65},"end":{"line":38,"column":null}},"loc":{"start":{"line":38,"column":65},"end":{"line":65,"column":1}}},"6":{"name":"(anonymous_15)","decl":{"start":{"line":67,"column":27},"end":{"line":67,"column":34}},"loc":{"start":{"line":67,"column":65},"end":{"line":109,"column":null}}},"7":{"name":"(anonymous_16)","decl":{"start":{"line":67,"column":65},"end":{"line":67,"column":null}},"loc":{"start":{"line":67,"column":65},"end":{"line":109,"column":1}}},"8":{"name":"(anonymous_17)","decl":{"start":{"line":111,"column":30},"end":{"line":111,"column":37}},"loc":{"start":{"line":111,"column":68},"end":{"line":137,"column":null}}},"9":{"name":"(anonymous_18)","decl":{"start":{"line":111,"column":68},"end":{"line":111,"column":null}},"loc":{"start":{"line":111,"column":68},"end":{"line":137,"column":1}}}},"branchMap":{"0":{"loc":{"start":{"line":29,"column":4},"end":{"line":35,"column":null}},"type":"if","locations":[{"start":{"line":29,"column":4},"end":{"line":35,"column":null}},{"start":{"line":29,"column":4},"end":{"line":35,"column":null}}]},"1":{"loc":{"start":{"line":41,"column":4},"end":{"line":43,"column":null}},"type":"if","locations":[{"start":{"line":41,"column":4},"end":{"line":43,"column":null}},{"start":{"line":41,"column":4},"end":{"line":43,"column":null}}]},"2":{"loc":{"start":{"line":71,"column":4},"end":{"line":75,"column":null}},"type":"if","locations":[{"start":{"line":71,"column":4},"end":{"line":75,"column":null}},{"start":{"line":71,"column":4},"end":{"line":75,"column":null}}]},"3":{"loc":{"start":{"line":77,"column":4},"end":{"line":84,"column":null}},"type":"if","locations":[{"start":{"line":77,"column":4},"end":{"line":84,"column":null}},{"start":{"line":77,"column":4},"end":{"line":84,"column":null}}]},"4":{"loc":{"start":{"line":80,"column":8},"end":{"line":82,"column":null}},"type":"if","locations":[{"start":{"line":80,"column":8},"end":{"line":82,"column":null}},{"start":{"line":80,"column":8},"end":{"line":82,"column":null}}]},"5":{"loc":{"start":{"line":89,"column":8},"end":{"line":93,"column":null}},"type":"if","locations":[{"start":{"line":89,"column":8},"end":{"line":93,"column":null}},{"start":{"line":89,"column":8},"end":{"line":93,"column":null}}]},"6":{"loc":{"start":{"line":118,"column":8},"end":{"line":122,"column":null}},"type":"if","locations":[{"start":{"line":118,"column":8},"end":{"line":122,"column":null}},{"start":{"line":118,"column":8},"end":{"line":122,"column":null}}]}},"s":{"0":3,"1":3,"2":3,"3":3,"4":3,"5":1,"6":1,"7":1,"8":1,"9":3,"10":3,"11":0,"12":0,"13":0,"14":0,"15":0,"16":0,"17":3,"18":3,"19":0,"20":0,"21":0,"22":0,"23":0,"24":0,"25":0,"26":0,"27":0,"28":0,"29":0,"30":0,"31":3,"32":3,"33":1,"34":1,"35":1,"36":1,"37":1,"38":1,"39":0,"40":0,"41":1,"42":0,"43":0,"44":0,"45":0,"46":1,"47":1,"48":1,"49":0,"50":1,"51":1,"52":0,"53":0,"54":3,"55":3,"56":0,"57":0,"58":0,"59":0,"60":0,"61":0,"62":0,"63":0,"64":0,"65":0,"66":3},"f":{"0":1,"1":1,"2":0,"3":0,"4":0,"5":0,"6":1,"7":1,"8":0,"9":0},"b":{"0":[0,0],"1":[0,0],"2":[0,1],"3":[0,1],"4":[0,0],"5":[0,1],"6":[0,0]}}
,"C:\\Users\\Dany\\OneDrive\\Escritorio\\Node\\tsServer\\database\\connection.ts": {"path":"C:\\Users\\Dany\\OneDrive\\Escritorio\\Node\\tsServer\\database\\connection.ts","statementMap":{"0":{"start":{"line":1,"column":0},"end":{"line":1,"column":36}},"1":{"start":{"line":2,"column":0},"end":{"line":2,"column":38}},"2":{"start":{"line":3,"column":0},"end":{"line":3,"column":28}},"3":{"start":{"line":5,"column":0},"end":{"line":5,"column":16}},"4":{"start":{"line":8,"column":0},"end":{"line":8,"column":11}},"5":{"start":{"line":10,"column":17},"end":{"line":12,"column":10}},"6":{"start":{"line":14,"column":11},"end":{"line":24,"column":2}},"7":{"start":{"line":26,"column":0},"end":{"line":26,"column":18}}},"fnMap":{},"branchMap":{"0":{"loc":{"start":{"line":11,"column":2},"end":{"line":11,"column":15}},"type":"cond-expr","locations":[{"start":{"line":11,"column":2},"end":{"line":11,"column":15}},{"start":{"line":12,"column":2},"end":{"line":12,"column":10}}]}},"s":{"0":3,"1":3,"2":3,"3":3,"4":3,"5":3,"6":3,"7":3},"f":{},"b":{"0":[3,0]}}
,"C:\\Users\\Dany\\OneDrive\\Escritorio\\Node\\tsServer\\helpers\\token-jwt.helper.ts": {"path":"C:\\Users\\Dany\\OneDrive\\Escritorio\\Node\\tsServer\\helpers\\token-jwt.helper.ts","statementMap":{"0":{"start":{"line":1,"column":0},"end":{"line":1,"column":30}},"1":{"start":{"line":2,"column":0},"end":{"line":2,"column":38}},"2":{"start":{"line":5,"column":19},"end":{"line":12,"column":1}},"3":{"start":{"line":6,"column":20},"end":{"line":6,"column":27}},"4":{"start":{"line":7,"column":18},"end":{"line":8,"column":null}},"5":{"start":{"line":11,"column":4},"end":{"line":11,"column":17}},"6":{"start":{"line":14,"column":0},"end":{"line":14,"column":26}}},"fnMap":{"0":{"name":"(anonymous_1)","decl":{"start":{"line":5,"column":19},"end":{"line":5,"column":20}},"loc":{"start":{"line":5,"column":35},"end":{"line":12,"column":1}}}},"branchMap":{},"s":{"0":3,"1":3,"2":3,"3":49,"4":49,"5":49,"6":3},"f":{"0":49},"b":{}}
,"C:\\Users\\Dany\\OneDrive\\Escritorio\\Node\\tsServer\\helpers\\validador-db.helper.ts": {"path":"C:\\Users\\Dany\\OneDrive\\Escritorio\\Node\\tsServer\\helpers\\validador-db.helper.ts","statementMap":{"0":{"start":{"line":1,"column":0},"end":{"line":1,"column":38}},"1":{"start":{"line":4,"column":27},"end":{"line":13,"column":null}},"2":{"start":{"line":4,"column":45},"end":{"line":13,"column":null}},"3":{"start":{"line":5,"column":22},"end":{"line":5,"column":65}},"4":{"start":{"line":6,"column":4},"end":{"line":8,"column":null}},"5":{"start":{"line":7,"column":8},"end":{"line":7,"column":57}},"6":{"start":{"line":10,"column":4},"end":{"line":12,"column":null}},"7":{"start":{"line":11,"column":8},"end":{"line":11,"column":86}},"8":{"start":{"line":4,"column":13},"end":{"line":4,"column":27}}},"fnMap":{"0":{"name":"(anonymous_8)","decl":{"start":{"line":4,"column":27},"end":{"line":4,"column":34}},"loc":{"start":{"line":4,"column":45},"end":{"line":13,"column":null}}},"1":{"name":"(anonymous_9)","decl":{"start":{"line":4,"column":45},"end":{"line":4,"column":null}},"loc":{"start":{"line":4,"column":45},"end":{"line":13,"column":1}}}},"branchMap":{"0":{"loc":{"start":{"line":6,"column":4},"end":{"line":8,"column":null}},"type":"if","locations":[{"start":{"line":6,"column":4},"end":{"line":8,"column":null}},{"start":{"line":6,"column":4},"end":{"line":8,"column":null}}]},"1":{"loc":{"start":{"line":10,"column":4},"end":{"line":12,"column":null}},"type":"if","locations":[{"start":{"line":10,"column":4},"end":{"line":12,"column":null}},{"start":{"line":10,"column":4},"end":{"line":12,"column":null}}]}},"s":{"0":3,"1":3,"2":0,"3":0,"4":0,"5":0,"6":0,"7":0,"8":3},"f":{"0":0,"1":0},"b":{"0":[0,0],"1":[0,0]}}
,"C:\\Users\\Dany\\OneDrive\\Escritorio\\Node\\tsServer\\helpers\\validador-post.helper.ts": {"path":"C:\\Users\\Dany\\OneDrive\\Escritorio\\Node\\tsServer\\helpers\\validador-post.helper.ts","statementMap":{"0":{"start":{"line":1,"column":0},"end":{"line":1,"column":46}},"1":{"start":{"line":5,"column":36},"end":{"line":12,"column":1}},"2":{"start":{"line":6,"column":4},"end":{"line":8,"column":null}},"3":{"start":{"line":7,"column":8},"end":{"line":7,"column":82}},"4":{"start":{"line":9,"column":4},"end":{"line":11,"column":null}},"5":{"start":{"line":10,"column":8},"end":{"line":10,"column":87}},"6":{"start":{"line":5,"column":13},"end":{"line":5,"column":36}},"7":{"start":{"line":14,"column":35},"end":{"line":21,"column":null}},"8":{"start":{"line":14,"column":61},"end":{"line":21,"column":null}},"9":{"start":{"line":15,"column":24},"end":{"line":15,"column":55}},"10":{"start":{"line":16,"column":4},"end":{"line":20,"column":null}},"11":{"start":{"line":17,"column":8},"end":{"line":19,"column":null}},"12":{"start":{"line":14,"column":13},"end":{"line":14,"column":35}},"13":{"start":{"line":23,"column":24},"end":{"line":38,"column":1}},"14":{"start":{"line":24,"column":22},"end":{"line":24,"column":32}},"15":{"start":{"line":26,"column":4},"end":{"line":34,"column":7}},"16":{"start":{"line":27,"column":28},"end":{"line":27,"column":45}},"17":{"start":{"line":28,"column":20},"end":{"line":28,"column":33}},"18":{"start":{"line":29,"column":21},"end":{"line":29,"column":60}},"19":{"start":{"line":31,"column":8},"end":{"line":33,"column":null}},"20":{"start":{"line":32,"column":12},"end":{"line":32,"column":50}},"21":{"start":{"line":36,"column":4},"end":{"line":36,"column":17}},"22":{"start":{"line":23,"column":13},"end":{"line":23,"column":24}}},"fnMap":{"0":{"name":"(anonymous_8)","decl":{"start":{"line":5,"column":36},"end":{"line":5,"column":37}},"loc":{"start":{"line":5,"column":61},"end":{"line":12,"column":1}}},"1":{"name":"(anonymous_9)","decl":{"start":{"line":14,"column":35},"end":{"line":14,"column":42}},"loc":{"start":{"line":14,"column":61},"end":{"line":21,"column":null}}},"2":{"name":"(anonymous_10)","decl":{"start":{"line":14,"column":61},"end":{"line":14,"column":null}},"loc":{"start":{"line":14,"column":61},"end":{"line":21,"column":1}}},"3":{"name":"(anonymous_11)","decl":{"start":{"line":23,"column":24},"end":{"line":23,"column":25}},"loc":{"start":{"line":23,"column":41},"end":{"line":38,"column":1}}},"4":{"name":"(anonymous_12)","decl":{"start":{"line":26,"column":18},"end":{"line":26,"column":22}},"loc":{"start":{"line":26,"column":25},"end":{"line":34,"column":5}}}},"branchMap":{"0":{"loc":{"start":{"line":6,"column":4},"end":{"line":8,"column":null}},"type":"if","locations":[{"start":{"line":6,"column":4},"end":{"line":8,"column":null}},{"start":{"line":6,"column":4},"end":{"line":8,"column":null}}]},"1":{"loc":{"start":{"line":9,"column":4},"end":{"line":11,"column":null}},"type":"if","locations":[{"start":{"line":9,"column":4},"end":{"line":11,"column":null}},{"start":{"line":9,"column":4},"end":{"line":11,"column":null}}]},"2":{"loc":{"start":{"line":9,"column":8},"end":{"line":9,"column":24}},"type":"binary-expr","locations":[{"start":{"line":9,"column":8},"end":{"line":9,"column":24}},{"start":{"line":9,"column":28},"end":{"line":9,"column":44}}]},"3":{"loc":{"start":{"line":16,"column":4},"end":{"line":20,"column":null}},"type":"if","locations":[{"start":{"line":16,"column":4},"end":{"line":20,"column":null}},{"start":{"line":16,"column":4},"end":{"line":20,"column":null}}]},"4":{"loc":{"start":{"line":31,"column":8},"end":{"line":33,"column":null}},"type":"if","locations":[{"start":{"line":31,"column":8},"end":{"line":33,"column":null}},{"start":{"line":31,"column":8},"end":{"line":33,"column":null}}]}},"s":{"0":3,"1":3,"2":0,"3":0,"4":0,"5":0,"6":3,"7":3,"8":0,"9":0,"10":0,"11":0,"12":3,"13":3,"14":4,"15":4,"16":9,"17":9,"18":9,"19":9,"20":0,"21":4,"22":3},"f":{"0":0,"1":0,"2":0,"3":4,"4":9},"b":{"0":[0,0],"1":[0,0],"2":[0,0],"3":[0,0],"4":[0,9]}}
,"C:\\Users\\Dany\\OneDrive\\Escritorio\\Node\\tsServer\\helpers\\validador-usuario.helper.ts": {"path":"C:\\Users\\Dany\\OneDrive\\Escritorio\\Node\\tsServer\\helpers\\validador-usuario.helper.ts","statementMap":{"0":{"start":{"line":1,"column":0},"end":{"line":1,"column":38}},"1":{"start":{"line":4,"column":25},"end":{"line":13,"column":null}},"2":{"start":{"line":4,"column":44},"end":{"line":13,"column":null}},"3":{"start":{"line":5,"column":22},"end":{"line":5,"column":65}},"4":{"start":{"line":6,"column":4},"end":{"line":8,"column":null}},"5":{"start":{"line":7,"column":8},"end":{"line":7,"column":65}},"6":{"start":{"line":10,"column":4},"end":{"line":12,"column":null}},"7":{"start":{"line":11,"column":8},"end":{"line":11,"column":85}},"8":{"start":{"line":4,"column":13},"end":{"line":4,"column":25}}},"fnMap":{"0":{"name":"(anonymous_8)","decl":{"start":{"line":4,"column":25},"end":{"line":4,"column":32}},"loc":{"start":{"line":4,"column":44},"end":{"line":13,"column":null}}},"1":{"name":"(anonymous_9)","decl":{"start":{"line":4,"column":44},"end":{"line":4,"column":null}},"loc":{"start":{"line":4,"column":44},"end":{"line":13,"column":1}}}},"branchMap":{"0":{"loc":{"start":{"line":6,"column":4},"end":{"line":8,"column":null}},"type":"if","locations":[{"start":{"line":6,"column":4},"end":{"line":8,"column":null}},{"start":{"line":6,"column":4},"end":{"line":8,"column":null}}]},"1":{"loc":{"start":{"line":10,"column":4},"end":{"line":12,"column":null}},"type":"if","locations":[{"start":{"line":10,"column":4},"end":{"line":12,"column":null}},{"start":{"line":10,"column":4},"end":{"line":12,"column":null}}]}},"s":{"0":3,"1":3,"2":0,"3":0,"4":0,"5":0,"6":0,"7":0,"8":3},"f":{"0":0,"1":0},"b":{"0":[0,0],"1":[0,0]}}
,"C:\\Users\\Dany\\OneDrive\\Escritorio\\Node\\tsServer\\middlewares\\index.ts": {"path":"C:\\Users\\Dany\\OneDrive\\Escritorio\\Node\\tsServer\\middlewares\\index.ts","statementMap":{"0":{"start":{"line":2,"column":0},"end":{"line":2,"column":33}},"1":{"start":{"line":3,"column":0},"end":{"line":3,"column":30}},"2":{"start":{"line":4,"column":0},"end":{"line":4,"column":32}}},"fnMap":{},"branchMap":{},"s":{"0":3,"1":3,"2":3},"f":{},"b":{}}
,"C:\\Users\\Dany\\OneDrive\\Escritorio\\Node\\tsServer\\middlewares\\validar-campos.ts": {"path":"C:\\Users\\Dany\\OneDrive\\Escritorio\\Node\\tsServer\\middlewares\\validar-campos.ts","statementMap":{"0":{"start":{"line":2,"column":0},"end":{"line":2,"column":52}},"1":{"start":{"line":3,"column":0},"end":{"line":3,"column":46}},"2":{"start":{"line":4,"column":0},"end":{"line":4,"column":40}},"3":{"start":{"line":6,"column":29},"end":{"line":14,"column":1}},"4":{"start":{"line":8,"column":19},"end":{"line":8,"column":40}},"5":{"start":{"line":9,"column":4},"end":{"line":11,"column":null}},"6":{"start":{"line":10,"column":8},"end":{"line":10,"column":44}},"7":{"start":{"line":13,"column":4},"end":{"line":13,"column":11}},"8":{"start":{"line":6,"column":13},"end":{"line":6,"column":29}},"9":{"start":{"line":16,"column":27},"end":{"line":22,"column":null}},"10":{"start":{"line":16,"column":47},"end":{"line":22,"column":null}},"11":{"start":{"line":18,"column":24},"end":{"line":18,"column":67}},"12":{"start":{"line":19,"column":4},"end":{"line":21,"column":null}},"13":{"start":{"line":20,"column":7},"end":{"line":20,"column":64}},"14":{"start":{"line":16,"column":13},"end":{"line":16,"column":27}},"15":{"start":{"line":24,"column":31},"end":{"line":30,"column":null}},"16":{"start":{"line":24,"column":50},"end":{"line":30,"column":null}},"17":{"start":{"line":26,"column":24},"end":{"line":26,"column":52}},"18":{"start":{"line":27,"column":4},"end":{"line":29,"column":null}},"19":{"start":{"line":28,"column":7},"end":{"line":28,"column":53}},"20":{"start":{"line":24,"column":13},"end":{"line":24,"column":31}},"21":{"start":{"line":32,"column":30},"end":{"line":38,"column":null}},"22":{"start":{"line":32,"column":49},"end":{"line":38,"column":null}},"23":{"start":{"line":35,"column":4},"end":{"line":37,"column":null}},"24":{"start":{"line":36,"column":7},"end":{"line":36,"column":60}},"25":{"start":{"line":32,"column":13},"end":{"line":32,"column":30}},"26":{"start":{"line":40,"column":28},"end":{"line":46,"column":null}},"27":{"start":{"line":40,"column":47},"end":{"line":46,"column":null}},"28":{"start":{"line":42,"column":23},"end":{"line":42,"column":48}},"29":{"start":{"line":43,"column":4},"end":{"line":45,"column":null}},"30":{"start":{"line":44,"column":7},"end":{"line":44,"column":58}},"31":{"start":{"line":40,"column":13},"end":{"line":40,"column":28}}},"fnMap":{"0":{"name":"(anonymous_8)","decl":{"start":{"line":6,"column":29},"end":{"line":6,"column":30}},"loc":{"start":{"line":6,"column":78},"end":{"line":14,"column":1}}},"1":{"name":"(anonymous_9)","decl":{"start":{"line":16,"column":27},"end":{"line":16,"column":33}},"loc":{"start":{"line":16,"column":47},"end":{"line":22,"column":null}}},"2":{"name":"(anonymous_10)","decl":{"start":{"line":16,"column":47},"end":{"line":16,"column":null}},"loc":{"start":{"line":16,"column":47},"end":{"line":22,"column":1}}},"3":{"name":"(anonymous_11)","decl":{"start":{"line":24,"column":31},"end":{"line":24,"column":37}},"loc":{"start":{"line":24,"column":50},"end":{"line":30,"column":null}}},"4":{"name":"(anonymous_12)","decl":{"start":{"line":24,"column":50},"end":{"line":24,"column":null}},"loc":{"start":{"line":24,"column":50},"end":{"line":30,"column":1}}},"5":{"name":"(anonymous_13)","decl":{"start":{"line":32,"column":30},"end":{"line":32,"column":36}},"loc":{"start":{"line":32,"column":49},"end":{"line":38,"column":null}}},"6":{"name":"(anonymous_14)","decl":{"start":{"line":32,"column":49},"end":{"line":32,"column":null}},"loc":{"start":{"line":32,"column":49},"end":{"line":38,"column":1}}},"7":{"name":"(anonymous_15)","decl":{"start":{"line":40,"column":28},"end":{"line":40,"column":34}},"loc":{"start":{"line":40,"column":47},"end":{"line":46,"column":null}}},"8":{"name":"(anonymous_16)","decl":{"start":{"line":40,"column":47},"end":{"line":40,"column":null}},"loc":{"start":{"line":40,"column":47},"end":{"line":46,"column":1}}}},"branchMap":{"0":{"loc":{"start":{"line":9,"column":4},"end":{"line":11,"column":null}},"type":"if","locations":[{"start":{"line":9,"column":4},"end":{"line":11,"column":null}},{"start":{"line":9,"column":4},"end":{"line":11,"column":null}}]},"1":{"loc":{"start":{"line":16,"column":41},"end":{"line":16,"column":43}},"type":"default-arg","locations":[{"start":{"line":16,"column":41},"end":{"line":16,"column":43}}]},"2":{"loc":{"start":{"line":19,"column":4},"end":{"line":21,"column":null}},"type":"if","locations":[{"start":{"line":19,"column":4},"end":{"line":21,"column":null}},{"start":{"line":19,"column":4},"end":{"line":21,"column":null}}]},"3":{"loc":{"start":{"line":27,"column":4},"end":{"line":29,"column":null}},"type":"if","locations":[{"start":{"line":27,"column":4},"end":{"line":29,"column":null}},{"start":{"line":27,"column":4},"end":{"line":29,"column":null}}]},"4":{"loc":{"start":{"line":35,"column":4},"end":{"line":37,"column":null}},"type":"if","locations":[{"start":{"line":35,"column":4},"end":{"line":37,"column":null}},{"start":{"line":35,"column":4},"end":{"line":37,"column":null}}]},"5":{"loc":{"start":{"line":43,"column":4},"end":{"line":45,"column":null}},"type":"if","locations":[{"start":{"line":43,"column":4},"end":{"line":45,"column":null}},{"start":{"line":43,"column":4},"end":{"line":45,"column":null}}]}},"s":{"0":3,"1":3,"2":3,"3":3,"4":59,"5":59,"6":4,"7":55,"8":3,"9":3,"10":2,"11":2,"12":2,"13":0,"14":3,"15":3,"16":2,"17":2,"18":2,"19":0,"20":3,"21":3,"22":0,"23":0,"24":0,"25":3,"26":3,"27":0,"28":0,"29":0,"30":0,"31":3},"f":{"0":59,"1":2,"2":2,"3":2,"4":2,"5":0,"6":0,"7":0,"8":0},"b":{"0":[4,55],"1":[2],"2":[0,2],"3":[0,2],"4":[0,0],"5":[0,0]}}
,"C:\\Users\\Dany\\OneDrive\\Escritorio\\Node\\tsServer\\middlewares\\validar-jwt.ts": {"path":"C:\\Users\\Dany\\OneDrive\\Escritorio\\Node\\tsServer\\middlewares\\validar-jwt.ts","statementMap":{"0":{"start":{"line":2,"column":0},"end":{"line":2,"column":31}},"1":{"start":{"line":3,"column":0},"end":{"line":3,"column":38}},"2":{"start":{"line":4,"column":0},"end":{"line":4,"column":46}},"3":{"start":{"line":7,"column":26},"end":{"line":49,"column":null}},"4":{"start":{"line":7,"column":83},"end":{"line":49,"column":null}},"5":{"start":{"line":9,"column":18},"end":{"line":9,"column":39}},"6":{"start":{"line":11,"column":4},"end":{"line":15,"column":null}},"7":{"start":{"line":12,"column":8},"end":{"line":14,"column":null}},"8":{"start":{"line":17,"column":4},"end":{"line":46,"column":null}},"9":{"start":{"line":19,"column":22},"end":{"line":19,"column":57}},"10":{"start":{"line":21,"column":24},"end":{"line":21,"column":51}},"11":{"start":{"line":23,"column":8},"end":{"line":27,"column":null}},"12":{"start":{"line":24,"column":12},"end":{"line":26,"column":15}},"13":{"start":{"line":29,"column":8},"end":{"line":34,"column":null}},"14":{"start":{"line":30,"column":12},"end":{"line":32,"column":15}},"15":{"start":{"line":35,"column":8},"end":{"line":35,"column":30}},"16":{"start":{"line":38,"column":8},"end":{"line":38,"column":15}},"17":{"start":{"line":41,"column":8},"end":{"line":41,"column":27}},"18":{"start":{"line":42,"column":8},"end":{"line":44,"column":11}},"19":{"start":{"line":7,"column":13},"end":{"line":7,"column":26}}},"fnMap":{"0":{"name":"(anonymous_8)","decl":{"start":{"line":7,"column":26},"end":{"line":7,"column":32}},"loc":{"start":{"line":7,"column":83},"end":{"line":49,"column":null}}},"1":{"name":"(anonymous_9)","decl":{"start":{"line":7,"column":83},"end":{"line":7,"column":null}},"loc":{"start":{"line":7,"column":83},"end":{"line":49,"column":1}}}},"branchMap":{"0":{"loc":{"start":{"line":11,"column":4},"end":{"line":15,"column":null}},"type":"if","locations":[{"start":{"line":11,"column":4},"end":{"line":15,"column":null}},{"start":{"line":11,"column":4},"end":{"line":15,"column":null}}]},"1":{"loc":{"start":{"line":23,"column":8},"end":{"line":27,"column":null}},"type":"if","locations":[{"start":{"line":23,"column":8},"end":{"line":27,"column":null}},{"start":{"line":23,"column":8},"end":{"line":27,"column":null}}]},"2":{"loc":{"start":{"line":29,"column":8},"end":{"line":34,"column":null}},"type":"if","locations":[{"start":{"line":29,"column":8},"end":{"line":34,"column":null}},{"start":{"line":29,"column":8},"end":{"line":34,"column":null}}]}},"s":{"0":3,"1":3,"2":3,"3":3,"4":12,"5":12,"6":12,"7":3,"8":9,"9":9,"10":9,"11":9,"12":0,"13":9,"14":0,"15":9,"16":9,"17":0,"18":0,"19":3},"f":{"0":12,"1":12},"b":{"0":[3,9],"1":[0,9],"2":[0,9]}}
,"C:\\Users\\Dany\\OneDrive\\Escritorio\\Node\\tsServer\\middlewares\\validar-roles.ts": {"path":"C:\\Users\\Dany\\OneDrive\\Escritorio\\Node\\tsServer\\middlewares\\validar-roles.ts","statementMap":{"0":{"start":{"line":4,"column":26},"end":{"line":22,"column":1}},"1":{"start":{"line":7,"column":4},"end":{"line":11,"column":null}},"2":{"start":{"line":8,"column":8},"end":{"line":10,"column":11}},"3":{"start":{"line":13,"column":28},"end":{"line":13,"column":39}},"4":{"start":{"line":15,"column":4},"end":{"line":19,"column":null}},"5":{"start":{"line":16,"column":8},"end":{"line":18,"column":11}},"6":{"start":{"line":21,"column":4},"end":{"line":21,"column":11}},"7":{"start":{"line":4,"column":13},"end":{"line":4,"column":26}},"8":{"start":{"line":24,"column":27},"end":{"line":42,"column":1}},"9":{"start":{"line":27,"column":4},"end":{"line":31,"column":null}},"10":{"start":{"line":28,"column":8},"end":{"line":30,"column":11}},"11":{"start":{"line":33,"column":28},"end":{"line":33,"column":39}},"12":{"start":{"line":35,"column":4},"end":{"line":39,"column":null}},"13":{"start":{"line":36,"column":8},"end":{"line":38,"column":11}},"14":{"start":{"line":41,"column":4},"end":{"line":41,"column":11}},"15":{"start":{"line":24,"column":13},"end":{"line":24,"column":27}},"16":{"start":{"line":44,"column":30},"end":{"line":62,"column":1}},"17":{"start":{"line":46,"column":4},"end":{"line":61,"column":null}},"18":{"start":{"line":48,"column":8},"end":{"line":52,"column":null}},"19":{"start":{"line":49,"column":12},"end":{"line":51,"column":15}},"20":{"start":{"line":54,"column":8},"end":{"line":58,"column":null}},"21":{"start":{"line":55,"column":11},"end":{"line":57,"column":15}},"22":{"start":{"line":60,"column":8},"end":{"line":60,"column":15}},"23":{"start":{"line":44,"column":13},"end":{"line":44,"column":30}}},"fnMap":{"0":{"name":"(anonymous_0)","decl":{"start":{"line":4,"column":26},"end":{"line":4,"column":27}},"loc":{"start":{"line":4,"column":78},"end":{"line":22,"column":1}}},"1":{"name":"(anonymous_1)","decl":{"start":{"line":24,"column":27},"end":{"line":24,"column":28}},"loc":{"start":{"line":24,"column":79},"end":{"line":42,"column":1}}},"2":{"name":"(anonymous_2)","decl":{"start":{"line":44,"column":30},"end":{"line":44,"column":31}},"loc":{"start":{"line":44,"column":53},"end":{"line":62,"column":1}}},"3":{"name":"(anonymous_3)","decl":{"start":{"line":46,"column":11},"end":{"line":46,"column":12}},"loc":{"start":{"line":46,"column":63},"end":{"line":61,"column":5}}}},"branchMap":{"0":{"loc":{"start":{"line":7,"column":4},"end":{"line":11,"column":null}},"type":"if","locations":[{"start":{"line":7,"column":4},"end":{"line":11,"column":null}},{"start":{"line":7,"column":4},"end":{"line":11,"column":null}}]},"1":{"loc":{"start":{"line":15,"column":4},"end":{"line":19,"column":null}},"type":"if","locations":[{"start":{"line":15,"column":4},"end":{"line":19,"column":null}},{"start":{"line":15,"column":4},"end":{"line":19,"column":null}}]},"2":{"loc":{"start":{"line":27,"column":4},"end":{"line":31,"column":null}},"type":"if","locations":[{"start":{"line":27,"column":4},"end":{"line":31,"column":null}},{"start":{"line":27,"column":4},"end":{"line":31,"column":null}}]},"3":{"loc":{"start":{"line":35,"column":4},"end":{"line":39,"column":null}},"type":"if","locations":[{"start":{"line":35,"column":4},"end":{"line":39,"column":null}},{"start":{"line":35,"column":4},"end":{"line":39,"column":null}}]},"4":{"loc":{"start":{"line":48,"column":8},"end":{"line":52,"column":null}},"type":"if","locations":[{"start":{"line":48,"column":8},"end":{"line":52,"column":null}},{"start":{"line":48,"column":8},"end":{"line":52,"column":null}}]},"5":{"loc":{"start":{"line":54,"column":8},"end":{"line":58,"column":null}},"type":"if","locations":[{"start":{"line":54,"column":8},"end":{"line":58,"column":null}},{"start":{"line":54,"column":8},"end":{"line":58,"column":null}}]}},"s":{"0":3,"1":5,"2":0,"3":5,"4":5,"5":2,"6":3,"7":3,"8":3,"9":0,"10":0,"11":0,"12":0,"13":0,"14":0,"15":3,"16":3,"17":15,"18":4,"19":0,"20":4,"21":1,"22":3,"23":3},"f":{"0":5,"1":0,"2":15,"3":4},"b":{"0":[0,5],"1":[2,3],"2":[0,0],"3":[0,0],"4":[0,4],"5":[1,3]}}
,"C:\\Users\\Dany\\OneDrive\\Escritorio\\Node\\tsServer\\models\\app.ts": {"path":"C:\\Users\\Dany\\OneDrive\\Escritorio\\Node\\tsServer\\models\\app.ts","statementMap":{"0":{"start":{"line":1,"column":0},"end":{"line":1,"column":30}},"1":{"start":{"line":2,"column":0},"end":{"line":2,"column":47}},"2":{"start":{"line":3,"column":0},"end":{"line":3,"column":47}},"3":{"start":{"line":4,"column":0},"end":{"line":4,"column":52}},"4":{"start":{"line":5,"column":0},"end":{"line":5,"column":50}},"5":{"start":{"line":6,"column":12},"end":{"line":6,"column":21}},"6":{"start":{"line":8,"column":0},"end":{"line":8,"column":null}},"7":{"start":{"line":10,"column":17},"end":{"line":15,"column":null}},"8":{"start":{"line":17,"column":0},"end":{"line":17,"column":35}},"9":{"start":{"line":18,"column":0},"end":{"line":18,"column":36}},"10":{"start":{"line":19,"column":0},"end":{"line":19,"column":39}},"11":{"start":{"line":20,"column":0},"end":{"line":20,"column":36}},"12":{"start":{"line":21,"column":0},"end":{"line":21,"column":40}},"13":{"start":{"line":24,"column":0},"end":{"line":24,"column":19}}},"fnMap":{},"branchMap":{},"s":{"0":3,"1":3,"2":3,"3":3,"4":3,"5":3,"6":3,"7":3,"8":3,"9":3,"10":3,"11":3,"12":3,"13":3},"f":{},"b":{}}
,"C:\\Users\\Dany\\OneDrive\\Escritorio\\Node\\tsServer\\models\\historial-post.model.ts": {"path":"C:\\Users\\Dany\\OneDrive\\Escritorio\\Node\\tsServer\\models\\historial-post.model.ts","statementMap":{"0":{"start":{"line":2,"column":0},"end":{"line":2,"column":38}},"1":{"start":{"line":3,"column":0},"end":{"line":3,"column":40}},"2":{"start":{"line":6,"column":18},"end":{"line":25,"column":2}},"3":{"start":{"line":27,"column":0},"end":{"line":32,"column":null}},"4":{"start":{"line":28,"column":19},"end":{"line":28,"column":48}},"5":{"start":{"line":29,"column":4},"end":{"line":29,"column":28}},"6":{"start":{"line":30,"column":4},"end":{"line":30,"column":28}},"7":{"start":{"line":31,"column":4},"end":{"line":31,"column":18}},"8":{"start":{"line":34,"column":0},"end":{"line":34,"column":25}}},"fnMap":{"0":{"name":"(anonymous_1)","decl":{"start":{"line":27,"column":29},"end":{"line":27,"column":null}},"loc":{"start":{"line":27,"column":29},"end":{"line":32,"column":1}}}},"branchMap":{},"s":{"0":3,"1":3,"2":3,"3":3,"4":0,"5":0,"6":0,"7":0,"8":3},"f":{"0":0},"b":{}}
,"C:\\Users\\Dany\\OneDrive\\Escritorio\\Node\\tsServer\\models\\post.model.ts": {"path":"C:\\Users\\Dany\\OneDrive\\Escritorio\\Node\\tsServer\\models\\post.model.ts","statementMap":{"0":{"start":{"line":1,"column":0},"end":{"line":1,"column":38}},"1":{"start":{"line":2,"column":0},"end":{"line":2,"column":40}},"2":{"start":{"line":5,"column":13},"end":{"line":27,"column":2}},"3":{"start":{"line":29,"column":0},"end":{"line":34,"column":null}},"4":{"start":{"line":30,"column":19},"end":{"line":30,"column":48}},"5":{"start":{"line":31,"column":4},"end":{"line":31,"column":28}},"6":{"start":{"line":32,"column":4},"end":{"line":32,"column":28}},"7":{"start":{"line":33,"column":4},"end":{"line":33,"column":18}},"8":{"start":{"line":36,"column":0},"end":{"line":36,"column":20}}},"fnMap":{"0":{"name":"(anonymous_1)","decl":{"start":{"line":29,"column":24},"end":{"line":29,"column":null}},"loc":{"start":{"line":29,"column":24},"end":{"line":34,"column":1}}}},"branchMap":{},"s":{"0":3,"1":3,"2":3,"3":3,"4":10,"5":10,"6":10,"7":10,"8":3},"f":{"0":10},"b":{}}
,"C:\\Users\\Dany\\OneDrive\\Escritorio\\Node\\tsServer\\models\\review-model.ts": {"path":"C:\\Users\\Dany\\OneDrive\\Escritorio\\Node\\tsServer\\models\\review-model.ts","statementMap":{"0":{"start":{"line":1,"column":0},"end":{"line":1,"column":38}},"1":{"start":{"line":2,"column":0},"end":{"line":2,"column":40}},"2":{"start":{"line":5,"column":15},"end":{"line":27,"column":2}},"3":{"start":{"line":29,"column":0},"end":{"line":29,"column":22}}},"fnMap":{},"branchMap":{},"s":{"0":3,"1":3,"2":3,"3":3},"f":{},"b":{}}
,"C:\\Users\\Dany\\OneDrive\\Escritorio\\Node\\tsServer\\models\\rol.model.ts": {"path":"C:\\Users\\Dany\\OneDrive\\Escritorio\\Node\\tsServer\\models\\rol.model.ts","statementMap":{"0":{"start":{"line":1,"column":0},"end":{"line":1,"column":38}},"1":{"start":{"line":2,"column":0},"end":{"line":2,"column":40}},"2":{"start":{"line":5,"column":12},"end":{"line":10,"column":2}},"3":{"start":{"line":12,"column":0},"end":{"line":12,"column":19}}},"fnMap":{},"branchMap":{},"s":{"0":3,"1":3,"2":3,"3":3},"f":{},"b":{}}
,"C:\\Users\\Dany\\OneDrive\\Escritorio\\Node\\tsServer\\models\\usuario.model.ts": {"path":"C:\\Users\\Dany\\OneDrive\\Escritorio\\Node\\tsServer\\models\\usuario.model.ts","statementMap":{"0":{"start":{"line":1,"column":0},"end":{"line":1,"column":38}},"1":{"start":{"line":2,"column":0},"end":{"line":2,"column":40}},"2":{"start":{"line":4,"column":16},"end":{"line":29,"column":2}},"3":{"start":{"line":31,"column":0},"end":{"line":35,"column":null}},"4":{"start":{"line":32,"column":19},"end":{"line":32,"column":48}},"5":{"start":{"line":33,"column":4},"end":{"line":33,"column":27}},"6":{"start":{"line":34,"column":4},"end":{"line":34,"column":18}},"7":{"start":{"line":37,"column":0},"end":{"line":37,"column":23}}},"fnMap":{"0":{"name":"(anonymous_1)","decl":{"start":{"line":31,"column":27},"end":{"line":31,"column":null}},"loc":{"start":{"line":31,"column":27},"end":{"line":35,"column":1}}}},"branchMap":{},"s":{"0":3,"1":3,"2":3,"3":3,"4":53,"5":53,"6":53,"7":3},"f":{"0":53},"b":{}}
,"C:\\Users\\Dany\\OneDrive\\Escritorio\\Node\\tsServer\\routes\\auth.routes.ts": {"path":"C:\\Users\\Dany\\OneDrive\\Escritorio\\Node\\tsServer\\routes\\auth.routes.ts","statementMap":{"0":{"start":{"line":1,"column":0},"end":{"line":1,"column":33}},"1":{"start":{"line":2,"column":0},"end":{"line":2,"column":42}},"2":{"start":{"line":3,"column":0},"end":{"line":3,"column":55}},"3":{"start":{"line":4,"column":0},"end":{"line":4,"column":62}},"4":{"start":{"line":6,"column":15},"end":{"line":6,"column":23}},"5":{"start":{"line":8,"column":0},"end":{"line":12,"column":10}},"6":{"start":{"line":14,"column":0},"end":{"line":14,"column":22}}},"fnMap":{},"branchMap":{},"s":{"0":3,"1":3,"2":3,"3":3,"4":3,"5":3,"6":3},"f":{},"b":{}}
,"C:\\Users\\Dany\\OneDrive\\Escritorio\\Node\\tsServer\\routes\\post.routes.ts": {"path":"C:\\Users\\Dany\\OneDrive\\Escritorio\\Node\\tsServer\\routes\\post.routes.ts","statementMap":{"0":{"start":{"line":1,"column":0},"end":{"line":1,"column":33}},"1":{"start":{"line":2,"column":0},"end":{"line":2,"column":42}},"2":{"start":{"line":3,"column":0},"end":{"line":3,"column":135}},"3":{"start":{"line":4,"column":0},"end":{"line":4,"column":60}},"4":{"start":{"line":5,"column":0},"end":{"line":5,"column":62}},"5":{"start":{"line":6,"column":0},"end":{"line":6,"column":61}},"6":{"start":{"line":9,"column":15},"end":{"line":9,"column":23}},"7":{"start":{"line":12,"column":0},"end":{"line":12,"column":30}},"8":{"start":{"line":14,"column":0},"end":{"line":16,"column":12}},"9":{"start":{"line":18,"column":0},"end":{"line":22,"column":17}},"10":{"start":{"line":25,"column":0},"end":{"line":31,"column":18}},"11":{"start":{"line":34,"column":0},"end":{"line":40,"column":12}},"12":{"start":{"line":43,"column":0},"end":{"line":49,"column":15}},"13":{"start":{"line":56,"column":0},"end":{"line":60,"column":21}},"14":{"start":{"line":65,"column":0},"end":{"line":65,"column":22}}},"fnMap":{},"branchMap":{},"s":{"0":3,"1":3,"2":3,"3":3,"4":3,"5":3,"6":3,"7":3,"8":3,"9":3,"10":3,"11":3,"12":3,"13":3,"14":3},"f":{},"b":{}}
,"C:\\Users\\Dany\\OneDrive\\Escritorio\\Node\\tsServer\\routes\\reviews.routes.ts": {"path":"C:\\Users\\Dany\\OneDrive\\Escritorio\\Node\\tsServer\\routes\\reviews.routes.ts","statementMap":{"0":{"start":{"line":1,"column":0},"end":{"line":1,"column":33}},"1":{"start":{"line":2,"column":0},"end":{"line":2,"column":48}},"2":{"start":{"line":3,"column":0},"end":{"line":3,"column":74}},"3":{"start":{"line":4,"column":0},"end":{"line":4,"column":61}},"4":{"start":{"line":5,"column":0},"end":{"line":5,"column":56}},"5":{"start":{"line":6,"column":0},"end":{"line":6,"column":62}},"6":{"start":{"line":8,"column":15},"end":{"line":8,"column":23}},"7":{"start":{"line":11,"column":0},"end":{"line":16,"column":14}},"8":{"start":{"line":18,"column":0},"end":{"line":24,"column":14}},"9":{"start":{"line":26,"column":0},"end":{"line":26,"column":22}}},"fnMap":{},"branchMap":{},"s":{"0":3,"1":3,"2":3,"3":3,"4":3,"5":3,"6":3,"7":3,"8":3,"9":3},"f":{},"b":{}}
,"C:\\Users\\Dany\\OneDrive\\Escritorio\\Node\\tsServer\\routes\\usuario.routes.ts": {"path":"C:\\Users\\Dany\\OneDrive\\Escritorio\\Node\\tsServer\\routes\\usuario.routes.ts","statementMap":{"0":{"start":{"line":1,"column":0},"end":{"line":1,"column":33}},"1":{"start":{"line":2,"column":0},"end":{"line":2,"column":66}},"2":{"start":{"line":3,"column":0},"end":{"line":3,"column":118}},"3":{"start":{"line":4,"column":0},"end":{"line":4,"column":61}},"4":{"start":{"line":5,"column":0},"end":{"line":5,"column":117}},"5":{"start":{"line":8,"column":15},"end":{"line":8,"column":23}},"6":{"start":{"line":10,"column":0},"end":{"line":14,"column":16}},"7":{"start":{"line":16,"column":0},"end":{"line":20,"column":15}},"8":{"start":{"line":22,"column":0},"end":{"line":31,"column":16}},"9":{"start":{"line":33,"column":0},"end":{"line":42,"column":16}},"10":{"start":{"line":44,"column":0},"end":{"line":51,"column":19}},"11":{"start":{"line":54,"column":0},"end":{"line":54,"column":22}}},"fnMap":{},"branchMap":{},"s":{"0":3,"1":3,"2":3,"3":3,"4":3,"5":3,"6":3,"7":3,"8":3,"9":3,"10":3,"11":3},"f":{},"b":{}}
}
