{"C:\\Users\\Dany\\OneDrive\\Escritorio\\Node\\tsServer\\__test__\\helpers.ts": {"path":"C:\\Users\\Dany\\OneDrive\\Escritorio\\Node\\tsServer\\__test__\\helpers.ts","statementMap":{"0":{"start":{"line":3,"column":13},"end":{"line":8,"column":2}}},"fnMap":{},"branchMap":{},"s":{"0":1},"f":{},"b":{}}
,"C:\\Users\\Dany\\OneDrive\\Escritorio\\Node\\tsServer\\config\\config.ts": {"path":"C:\\Users\\Dany\\OneDrive\\Escritorio\\Node\\tsServer\\config\\config.ts","statementMap":{"0":{"start":{"line":1,"column":0},"end":{"line":8,"column":4}}},"fnMap":{},"branchMap":{},"s":{"0":1},"f":{},"b":{}}
,"C:\\Users\\Dany\\OneDrive\\Escritorio\\Node\\tsServer\\controllers\\post.controller.ts": {"path":"C:\\Users\\Dany\\OneDrive\\Escritorio\\Node\\tsServer\\controllers\\post.controller.ts","statementMap":{"0":{"start":{"line":2,"column":0},"end":{"line":2,"column":40}},"1":{"start":{"line":3,"column":0},"end":{"line":3,"column":55}},"2":{"start":{"line":4,"column":0},"end":{"line":4,"column":39}},"3":{"start":{"line":8,"column":24},"end":{"line":31,"column":null}},"4":{"start":{"line":8,"column":62},"end":{"line":31,"column":null}},"5":{"start":{"line":10,"column":22},"end":{"line":10,"column":32}},"6":{"start":{"line":12,"column":27},"end":{"line":15,"column":6}},"7":{"start":{"line":17,"column":4},"end":{"line":25,"column":7}},"8":{"start":{"line":18,"column":28},"end":{"line":18,"column":45}},"9":{"start":{"line":19,"column":20},"end":{"line":19,"column":33}},"10":{"start":{"line":20,"column":21},"end":{"line":20,"column":60}},"11":{"start":{"line":22,"column":8},"end":{"line":24,"column":null}},"12":{"start":{"line":23,"column":12},"end":{"line":23,"column":50}},"13":{"start":{"line":27,"column":4},"end":{"line":30,"column":7}},"14":{"start":{"line":8,"column":13},"end":{"line":8,"column":24}},"15":{"start":{"line":34,"column":23},"end":{"line":45,"column":null}},"16":{"start":{"line":34,"column":61},"end":{"line":45,"column":null}},"17":{"start":{"line":35,"column":19},"end":{"line":35,"column":29}},"18":{"start":{"line":36,"column":17},"end":{"line":36,"column":40}},"19":{"start":{"line":38,"column":4},"end":{"line":44,"column":null}},"20":{"start":{"line":39,"column":8},"end":{"line":39,"column":23}},"21":{"start":{"line":41,"column":8},"end":{"line":43,"column":11}},"22":{"start":{"line":34,"column":13},"end":{"line":34,"column":23}},"23":{"start":{"line":47,"column":29},"end":{"line":92,"column":null}},"24":{"start":{"line":47,"column":67},"end":{"line":92,"column":null}},"25":{"start":{"line":49,"column":20},"end":{"line":49,"column":34}},"26":{"start":{"line":50,"column":24},"end":{"line":50,"column":51}},"27":{"start":{"line":52,"column":32},"end":{"line":52,"column":40}},"28":{"start":{"line":54,"column":17},"end":{"line":59,"column":6}},"29":{"start":{"line":62,"column":4},"end":{"line":86,"column":null}},"30":{"start":{"line":64,"column":21},"end":{"line":64,"column":35}},"31":{"start":{"line":65,"column":21},"end":{"line":65,"column":38}},"32":{"start":{"line":66,"column":19},"end":{"line":66,"column":37}},"33":{"start":{"line":68,"column":8},"end":{"line":79,"column":null}},"34":{"start":{"line":69,"column":34},"end":{"line":73,"column":null}},"35":{"start":{"line":75,"column":30},"end":{"line":75,"column":58}},"36":{"start":{"line":76,"column":12},"end":{"line":76,"column":35}},"37":{"start":{"line":82,"column":8},"end":{"line":82,"column":27}},"38":{"start":{"line":83,"column":8},"end":{"line":85,"column":11}},"39":{"start":{"line":88,"column":4},"end":{"line":91,"column":7}},"40":{"start":{"line":47,"column":13},"end":{"line":47,"column":29}},"41":{"start":{"line":95,"column":23},"end":{"line":142,"column":null}},"42":{"start":{"line":95,"column":61},"end":{"line":142,"column":null}},"43":{"start":{"line":97,"column":19},"end":{"line":97,"column":29}},"44":{"start":{"line":98,"column":32},"end":{"line":98,"column":40}},"45":{"start":{"line":99,"column":4},"end":{"line":141,"column":null}},"46":{"start":{"line":101,"column":21},"end":{"line":101,"column":44}},"47":{"start":{"line":102,"column":8},"end":{"line":106,"column":null}},"48":{"start":{"line":103,"column":12},"end":{"line":105,"column":15}},"49":{"start":{"line":108,"column":21},"end":{"line":111,"column":10}},"50":{"start":{"line":113,"column":23},"end":{"line":113,"column":46}},"51":{"start":{"line":115,"column":8},"end":{"line":127,"column":null}},"52":{"start":{"line":116,"column":28},"end":{"line":116,"column":42}},"53":{"start":{"line":117,"column":26},"end":{"line":117,"column":53}},"54":{"start":{"line":118,"column":34},"end":{"line":123,"column":null}},"55":{"start":{"line":125,"column":30},"end":{"line":125,"column":58}},"56":{"start":{"line":126,"column":12},"end":{"line":126,"column":35}},"57":{"start":{"line":130,"column":8},"end":{"line":133,"column":11}},"58":{"start":{"line":137,"column":8},"end":{"line":137,"column":27}},"59":{"start":{"line":138,"column":8},"end":{"line":140,"column":11}},"60":{"start":{"line":95,"column":13},"end":{"line":95,"column":23}},"61":{"start":{"line":144,"column":26},"end":{"line":184,"column":null}},"62":{"start":{"line":144,"column":64},"end":{"line":184,"column":null}},"63":{"start":{"line":146,"column":19},"end":{"line":146,"column":29}},"64":{"start":{"line":148,"column":4},"end":{"line":183,"column":null}},"65":{"start":{"line":150,"column":21},"end":{"line":150,"column":44}},"66":{"start":{"line":151,"column":8},"end":{"line":155,"column":null}},"67":{"start":{"line":152,"column":12},"end":{"line":154,"column":15}},"68":{"start":{"line":158,"column":8},"end":{"line":158,"column":29}},"69":{"start":{"line":160,"column":24},"end":{"line":160,"column":38}},"70":{"start":{"line":161,"column":22},"end":{"line":161,"column":49}},"71":{"start":{"line":162,"column":30},"end":{"line":167,"column":null}},"72":{"start":{"line":169,"column":26},"end":{"line":169,"column":54}},"73":{"start":{"line":170,"column":8},"end":{"line":170,"column":31}},"74":{"start":{"line":173,"column":8},"end":{"line":176,"column":11}},"75":{"start":{"line":179,"column":8},"end":{"line":179,"column":27}},"76":{"start":{"line":180,"column":8},"end":{"line":182,"column":11}},"77":{"start":{"line":144,"column":13},"end":{"line":144,"column":26}},"78":{"start":{"line":186,"column":32},"end":{"line":204,"column":null}},"79":{"start":{"line":186,"column":70},"end":{"line":204,"column":null}},"80":{"start":{"line":187,"column":19},"end":{"line":187,"column":29}},"81":{"start":{"line":189,"column":17},"end":{"line":189,"column":40}},"82":{"start":{"line":191,"column":4},"end":{"line":195,"column":null}},"83":{"start":{"line":192,"column":8},"end":{"line":194,"column":11}},"84":{"start":{"line":197,"column":22},"end":{"line":198,"column":67}},"85":{"start":{"line":200,"column":4},"end":{"line":203,"column":null}},"86":{"start":{"line":201,"column":34},"end":{"line":201,"column":46}},"87":{"start":{"line":201,"column":20},"end":{"line":201,"column":25}},"88":{"start":{"line":201,"column":29},"end":{"line":201,"column":34}},"89":{"start":{"line":202,"column":8},"end":{"line":202,"column":23}},"90":{"start":{"line":186,"column":13},"end":{"line":186,"column":32}}},"fnMap":{"0":{"name":"(anonymous_9)","decl":{"start":{"line":8,"column":24},"end":{"line":8,"column":31}},"loc":{"start":{"line":8,"column":62},"end":{"line":31,"column":null}}},"1":{"name":"(anonymous_10)","decl":{"start":{"line":8,"column":62},"end":{"line":8,"column":null}},"loc":{"start":{"line":8,"column":62},"end":{"line":31,"column":1}}},"2":{"name":"(anonymous_11)","decl":{"start":{"line":17,"column":18},"end":{"line":17,"column":22}},"loc":{"start":{"line":17,"column":25},"end":{"line":25,"column":5}}},"3":{"name":"(anonymous_12)","decl":{"start":{"line":34,"column":23},"end":{"line":34,"column":30}},"loc":{"start":{"line":34,"column":61},"end":{"line":45,"column":null}}},"4":{"name":"(anonymous_13)","decl":{"start":{"line":34,"column":61},"end":{"line":34,"column":null}},"loc":{"start":{"line":34,"column":61},"end":{"line":45,"column":1}}},"5":{"name":"(anonymous_14)","decl":{"start":{"line":47,"column":29},"end":{"line":47,"column":36}},"loc":{"start":{"line":47,"column":67},"end":{"line":92,"column":null}}},"6":{"name":"(anonymous_15)","decl":{"start":{"line":47,"column":67},"end":{"line":47,"column":null}},"loc":{"start":{"line":47,"column":67},"end":{"line":92,"column":1}}},"7":{"name":"(anonymous_16)","decl":{"start":{"line":95,"column":23},"end":{"line":95,"column":30}},"loc":{"start":{"line":95,"column":61},"end":{"line":142,"column":null}}},"8":{"name":"(anonymous_17)","decl":{"start":{"line":95,"column":61},"end":{"line":95,"column":null}},"loc":{"start":{"line":95,"column":61},"end":{"line":142,"column":1}}},"9":{"name":"(anonymous_18)","decl":{"start":{"line":144,"column":26},"end":{"line":144,"column":33}},"loc":{"start":{"line":144,"column":64},"end":{"line":184,"column":null}}},"10":{"name":"(anonymous_19)","decl":{"start":{"line":144,"column":64},"end":{"line":144,"column":null}},"loc":{"start":{"line":144,"column":64},"end":{"line":184,"column":1}}},"11":{"name":"(anonymous_20)","decl":{"start":{"line":186,"column":32},"end":{"line":186,"column":39}},"loc":{"start":{"line":186,"column":70},"end":{"line":204,"column":null}}},"12":{"name":"(anonymous_21)","decl":{"start":{"line":186,"column":70},"end":{"line":186,"column":null}},"loc":{"start":{"line":186,"column":70},"end":{"line":204,"column":1}}}},"branchMap":{"0":{"loc":{"start":{"line":22,"column":8},"end":{"line":24,"column":null}},"type":"if","locations":[{"start":{"line":22,"column":8},"end":{"line":24,"column":null}},{"start":{"line":22,"column":8},"end":{"line":24,"column":null}}]},"1":{"loc":{"start":{"line":38,"column":4},"end":{"line":44,"column":null}},"type":"if","locations":[{"start":{"line":38,"column":4},"end":{"line":44,"column":null}},{"start":{"line":38,"column":4},"end":{"line":44,"column":null}}]},"2":{"loc":{"start":{"line":68,"column":8},"end":{"line":79,"column":null}},"type":"if","locations":[{"start":{"line":68,"column":8},"end":{"line":79,"column":null}},{"start":{"line":68,"column":8},"end":{"line":79,"column":null}}]},"3":{"loc":{"start":{"line":102,"column":8},"end":{"line":106,"column":null}},"type":"if","locations":[{"start":{"line":102,"column":8},"end":{"line":106,"column":null}},{"start":{"line":102,"column":8},"end":{"line":106,"column":null}}]},"4":{"loc":{"start":{"line":115,"column":8},"end":{"line":127,"column":null}},"type":"if","locations":[{"start":{"line":115,"column":8},"end":{"line":127,"column":null}},{"start":{"line":115,"column":8},"end":{"line":127,"column":null}}]},"5":{"loc":{"start":{"line":151,"column":8},"end":{"line":155,"column":null}},"type":"if","locations":[{"start":{"line":151,"column":8},"end":{"line":155,"column":null}},{"start":{"line":151,"column":8},"end":{"line":155,"column":null}}]},"6":{"loc":{"start":{"line":191,"column":4},"end":{"line":195,"column":null}},"type":"if","locations":[{"start":{"line":191,"column":4},"end":{"line":195,"column":null}},{"start":{"line":191,"column":4},"end":{"line":195,"column":null}}]},"7":{"loc":{"start":{"line":197,"column":42},"end":{"line":197,"column":44}},"type":"cond-expr","locations":[{"start":{"line":197,"column":42},"end":{"line":197,"column":44}},{"start":{"line":197,"column":42},"end":{"line":198,"column":66}}]},"8":{"loc":{"start":{"line":197,"column":28},"end":{"line":197,"column":44}},"type":"binary-expr","locations":[{"start":{"line":197,"column":28},"end":{"line":197,"column":44}},{"start":{"line":197,"column":42},"end":{"line":197,"column":44}}]},"9":{"loc":{"start":{"line":200,"column":4},"end":{"line":203,"column":null}},"type":"if","locations":[{"start":{"line":200,"column":4},"end":{"line":203,"column":null}},{"start":{"line":200,"column":4},"end":{"line":203,"column":null}}]}},"s":{"0":1,"1":1,"2":1,"3":1,"4":2,"5":2,"6":2,"7":2,"8":2,"9":2,"10":2,"11":2,"12":0,"13":2,"14":1,"15":1,"16":2,"17":2,"18":2,"19":2,"20":1,"21":1,"22":1,"23":1,"24":0,"25":0,"26":0,"27":0,"28":0,"29":0,"30":0,"31":0,"32":0,"33":0,"34":0,"35":0,"36":0,"37":0,"38":0,"39":0,"40":1,"41":1,"42":0,"43":0,"44":0,"45":0,"46":0,"47":0,"48":0,"49":0,"50":0,"51":0,"52":0,"53":0,"54":0,"55":0,"56":0,"57":0,"58":0,"59":0,"60":1,"61":1,"62":0,"63":0,"64":0,"65":0,"66":0,"67":0,"68":0,"69":0,"70":0,"71":0,"72":0,"73":0,"74":0,"75":0,"76":0,"77":1,"78":1,"79":0,"80":0,"81":0,"82":0,"83":0,"84":0,"85":0,"86":0,"87":0,"88":0,"89":0,"90":1},"f":{"0":2,"1":2,"2":2,"3":2,"4":2,"5":0,"6":0,"7":0,"8":0,"9":0,"10":0,"11":0,"12":0},"b":{"0":[0,2],"1":[1,1],"2":[0,0],"3":[0,0],"4":[0,0],"5":[0,0],"6":[0,0],"7":[0,0],"8":[0,0],"9":[0,0]}}
,"C:\\Users\\Dany\\OneDrive\\Escritorio\\Node\\tsServer\\controllers\\review.controller.ts": {"path":"C:\\Users\\Dany\\OneDrive\\Escritorio\\Node\\tsServer\\controllers\\review.controller.ts","statementMap":{"0":{"start":{"line":2,"column":0},"end":{"line":2,"column":93}},"1":{"start":{"line":3,"column":0},"end":{"line":3,"column":44}},"2":{"start":{"line":4,"column":0},"end":{"line":4,"column":40}},"3":{"start":{"line":7,"column":26},"end":{"line":26,"column":null}},"4":{"start":{"line":7,"column":64},"end":{"line":26,"column":null}},"5":{"start":{"line":9,"column":19},"end":{"line":9,"column":29}},"6":{"start":{"line":10,"column":18},"end":{"line":12,"column":null}},"7":{"start":{"line":14,"column":35},"end":{"line":18,"column":6}},"8":{"start":{"line":20,"column":4},"end":{"line":24,"column":7}},"9":{"start":{"line":7,"column":13},"end":{"line":7,"column":26}},"10":{"start":{"line":29,"column":26},"end":{"line":74,"column":null}},"11":{"start":{"line":29,"column":64},"end":{"line":74,"column":null}},"12":{"start":{"line":31,"column":19},"end":{"line":31,"column":29}},"13":{"start":{"line":32,"column":18},"end":{"line":32,"column":45}},"14":{"start":{"line":33,"column":47},"end":{"line":33,"column":55}},"15":{"start":{"line":35,"column":17},"end":{"line":41,"column":null}},"16":{"start":{"line":43,"column":4},"end":{"line":49,"column":null}},"17":{"start":{"line":44,"column":35},"end":{"line":44,"column":69}},"18":{"start":{"line":45,"column":8},"end":{"line":47,"column":null}},"19":{"start":{"line":46,"column":12},"end":{"line":46,"column":60}},"20":{"start":{"line":48,"column":8},"end":{"line":48,"column":41}},"21":{"start":{"line":51,"column":4},"end":{"line":57,"column":null}},"22":{"start":{"line":52,"column":30},"end":{"line":52,"column":64}},"23":{"start":{"line":53,"column":8},"end":{"line":55,"column":null}},"24":{"start":{"line":54,"column":12},"end":{"line":54,"column":55}},"25":{"start":{"line":56,"column":8},"end":{"line":56,"column":null}},"26":{"start":{"line":59,"column":4},"end":{"line":68,"column":null}},"27":{"start":{"line":60,"column":21},"end":{"line":60,"column":37}},"28":{"start":{"line":61,"column":8},"end":{"line":61,"column":26}},"29":{"start":{"line":64,"column":8},"end":{"line":64,"column":27}},"30":{"start":{"line":65,"column":8},"end":{"line":67,"column":11}},"31":{"start":{"line":70,"column":4},"end":{"line":73,"column":7}},"32":{"start":{"line":29,"column":13},"end":{"line":29,"column":26}}},"fnMap":{"0":{"name":"(anonymous_8)","decl":{"start":{"line":7,"column":26},"end":{"line":7,"column":33}},"loc":{"start":{"line":7,"column":64},"end":{"line":26,"column":null}}},"1":{"name":"(anonymous_9)","decl":{"start":{"line":7,"column":64},"end":{"line":7,"column":null}},"loc":{"start":{"line":7,"column":64},"end":{"line":26,"column":1}}},"2":{"name":"(anonymous_10)","decl":{"start":{"line":29,"column":26},"end":{"line":29,"column":33}},"loc":{"start":{"line":29,"column":64},"end":{"line":74,"column":null}}},"3":{"name":"(anonymous_11)","decl":{"start":{"line":29,"column":64},"end":{"line":29,"column":null}},"loc":{"start":{"line":29,"column":64},"end":{"line":74,"column":1}}}},"branchMap":{"0":{"loc":{"start":{"line":43,"column":4},"end":{"line":49,"column":null}},"type":"if","locations":[{"start":{"line":43,"column":4},"end":{"line":49,"column":null}},{"start":{"line":43,"column":4},"end":{"line":49,"column":null}}]},"1":{"loc":{"start":{"line":45,"column":8},"end":{"line":47,"column":null}},"type":"if","locations":[{"start":{"line":45,"column":8},"end":{"line":47,"column":null}},{"start":{"line":45,"column":8},"end":{"line":47,"column":null}}]},"2":{"loc":{"start":{"line":51,"column":4},"end":{"line":57,"column":null}},"type":"if","locations":[{"start":{"line":51,"column":4},"end":{"line":57,"column":null}},{"start":{"line":51,"column":4},"end":{"line":57,"column":null}}]},"3":{"loc":{"start":{"line":53,"column":8},"end":{"line":55,"column":null}},"type":"if","locations":[{"start":{"line":53,"column":8},"end":{"line":55,"column":null}},{"start":{"line":53,"column":8},"end":{"line":55,"column":null}}]}},"s":{"0":1,"1":1,"2":1,"3":1,"4":0,"5":0,"6":0,"7":0,"8":0,"9":1,"10":1,"11":0,"12":0,"13":0,"14":0,"15":0,"16":0,"17":0,"18":0,"19":0,"20":0,"21":0,"22":0,"23":0,"24":0,"25":0,"26":0,"27":0,"28":0,"29":0,"30":0,"31":0,"32":1},"f":{"0":0,"1":0,"2":0,"3":0},"b":{"0":[0,0],"1":[0,0],"2":[0,0],"3":[0,0]}}
,"C:\\Users\\Dany\\OneDrive\\Escritorio\\Node\\tsServer\\controllers\\usuario.controller.ts": {"path":"C:\\Users\\Dany\\OneDrive\\Escritorio\\Node\\tsServer\\controllers\\usuario.controller.ts","statementMap":{"0":{"start":{"line":2,"column":0},"end":{"line":2,"column":29}},"1":{"start":{"line":3,"column":0},"end":{"line":3,"column":46}},"2":{"start":{"line":4,"column":0},"end":{"line":4,"column":61}},"3":{"start":{"line":5,"column":0},"end":{"line":5,"column":76}},"4":{"start":{"line":8,"column":27},"end":{"line":22,"column":null}},"5":{"start":{"line":8,"column":65},"end":{"line":22,"column":null}},"6":{"start":{"line":11,"column":18},"end":{"line":11,"column":34}},"7":{"start":{"line":13,"column":30},"end":{"line":16,"column":6}},"8":{"start":{"line":18,"column":4},"end":{"line":21,"column":7}},"9":{"start":{"line":8,"column":13},"end":{"line":8,"column":27}},"10":{"start":{"line":24,"column":26},"end":{"line":36,"column":null}},"11":{"start":{"line":24,"column":64},"end":{"line":36,"column":null}},"12":{"start":{"line":26,"column":19},"end":{"line":26,"column":29}},"13":{"start":{"line":27,"column":20},"end":{"line":27,"column":46}},"14":{"start":{"line":29,"column":4},"end":{"line":35,"column":null}},"15":{"start":{"line":30,"column":8},"end":{"line":30,"column":26}},"16":{"start":{"line":32,"column":8},"end":{"line":34,"column":null}},"17":{"start":{"line":24,"column":13},"end":{"line":24,"column":26}},"18":{"start":{"line":38,"column":27},"end":{"line":65,"column":null}},"19":{"start":{"line":38,"column":65},"end":{"line":65,"column":null}},"20":{"start":{"line":40,"column":45},"end":{"line":40,"column":53}},"21":{"start":{"line":41,"column":4},"end":{"line":43,"column":null}},"22":{"start":{"line":42,"column":8},"end":{"line":42,"column":25}},"23":{"start":{"line":45,"column":20},"end":{"line":45,"column":65}},"24":{"start":{"line":48,"column":17},"end":{"line":48,"column":36}},"25":{"start":{"line":49,"column":4},"end":{"line":49,"column":54}},"26":{"start":{"line":51,"column":4},"end":{"line":64,"column":null}},"27":{"start":{"line":53,"column":8},"end":{"line":53,"column":29}},"28":{"start":{"line":54,"column":8},"end":{"line":54,"column":26}},"29":{"start":{"line":58,"column":8},"end":{"line":58,"column":27}},"30":{"start":{"line":59,"column":8},"end":{"line":62,"column":11}},"31":{"start":{"line":38,"column":13},"end":{"line":38,"column":27}},"32":{"start":{"line":67,"column":27},"end":{"line":114,"column":null}},"33":{"start":{"line":67,"column":65},"end":{"line":114,"column":null}},"34":{"start":{"line":68,"column":19},"end":{"line":68,"column":29}},"35":{"start":{"line":69,"column":39},"end":{"line":69,"column":47}},"36":{"start":{"line":69,"column":25},"end":{"line":69,"column":30}},"37":{"start":{"line":69,"column":34},"end":{"line":69,"column":39}},"38":{"start":{"line":71,"column":4},"end":{"line":80,"column":null}},"39":{"start":{"line":72,"column":24},"end":{"line":72,"column":44}},"40":{"start":{"line":73,"column":8},"end":{"line":75,"column":null}},"41":{"start":{"line":74,"column":12},"end":{"line":74,"column":49}},"42":{"start":{"line":78,"column":21},"end":{"line":78,"column":40}},"43":{"start":{"line":79,"column":8},"end":{"line":79,"column":55}},"44":{"start":{"line":82,"column":4},"end":{"line":89,"column":null}},"45":{"start":{"line":83,"column":23},"end":{"line":83,"column":43}},"46":{"start":{"line":85,"column":8},"end":{"line":87,"column":null}},"47":{"start":{"line":86,"column":12},"end":{"line":86,"column":48}},"48":{"start":{"line":88,"column":8},"end":{"line":88,"column":23}},"49":{"start":{"line":91,"column":4},"end":{"line":113,"column":null}},"50":{"start":{"line":93,"column":24},"end":{"line":93,"column":50}},"51":{"start":{"line":94,"column":8},"end":{"line":98,"column":null}},"52":{"start":{"line":95,"column":12},"end":{"line":97,"column":15}},"53":{"start":{"line":100,"column":8},"end":{"line":100,"column":35}},"54":{"start":{"line":102,"column":8},"end":{"line":105,"column":11}},"55":{"start":{"line":109,"column":8},"end":{"line":109,"column":27}},"56":{"start":{"line":110,"column":8},"end":{"line":112,"column":11}},"57":{"start":{"line":67,"column":13},"end":{"line":67,"column":27}},"58":{"start":{"line":116,"column":30},"end":{"line":144,"column":null}},"59":{"start":{"line":116,"column":68},"end":{"line":144,"column":null}},"60":{"start":{"line":118,"column":19},"end":{"line":118,"column":29}},"61":{"start":{"line":120,"column":4},"end":{"line":143,"column":null}},"62":{"start":{"line":122,"column":24},"end":{"line":122,"column":50}},"63":{"start":{"line":123,"column":8},"end":{"line":127,"column":null}},"64":{"start":{"line":124,"column":12},"end":{"line":126,"column":15}},"65":{"start":{"line":131,"column":8},"end":{"line":131,"column":32}},"66":{"start":{"line":133,"column":8},"end":{"line":136,"column":11}},"67":{"start":{"line":139,"column":8},"end":{"line":139,"column":27}},"68":{"start":{"line":140,"column":8},"end":{"line":142,"column":11}},"69":{"start":{"line":116,"column":13},"end":{"line":116,"column":30}}},"fnMap":{"0":{"name":"(anonymous_9)","decl":{"start":{"line":8,"column":27},"end":{"line":8,"column":34}},"loc":{"start":{"line":8,"column":65},"end":{"line":22,"column":null}}},"1":{"name":"(anonymous_10)","decl":{"start":{"line":8,"column":65},"end":{"line":8,"column":null}},"loc":{"start":{"line":8,"column":65},"end":{"line":22,"column":1}}},"2":{"name":"(anonymous_11)","decl":{"start":{"line":24,"column":26},"end":{"line":24,"column":33}},"loc":{"start":{"line":24,"column":64},"end":{"line":36,"column":null}}},"3":{"name":"(anonymous_12)","decl":{"start":{"line":24,"column":64},"end":{"line":24,"column":null}},"loc":{"start":{"line":24,"column":64},"end":{"line":36,"column":1}}},"4":{"name":"(anonymous_13)","decl":{"start":{"line":38,"column":27},"end":{"line":38,"column":34}},"loc":{"start":{"line":38,"column":65},"end":{"line":65,"column":null}}},"5":{"name":"(anonymous_14)","decl":{"start":{"line":38,"column":65},"end":{"line":38,"column":null}},"loc":{"start":{"line":38,"column":65},"end":{"line":65,"column":1}}},"6":{"name":"(anonymous_15)","decl":{"start":{"line":67,"column":27},"end":{"line":67,"column":34}},"loc":{"start":{"line":67,"column":65},"end":{"line":114,"column":null}}},"7":{"name":"(anonymous_16)","decl":{"start":{"line":67,"column":65},"end":{"line":67,"column":null}},"loc":{"start":{"line":67,"column":65},"end":{"line":114,"column":1}}},"8":{"name":"(anonymous_17)","decl":{"start":{"line":116,"column":30},"end":{"line":116,"column":37}},"loc":{"start":{"line":116,"column":68},"end":{"line":144,"column":null}}},"9":{"name":"(anonymous_18)","decl":{"start":{"line":116,"column":68},"end":{"line":116,"column":null}},"loc":{"start":{"line":116,"column":68},"end":{"line":144,"column":1}}}},"branchMap":{"0":{"loc":{"start":{"line":29,"column":4},"end":{"line":35,"column":null}},"type":"if","locations":[{"start":{"line":29,"column":4},"end":{"line":35,"column":null}},{"start":{"line":29,"column":4},"end":{"line":35,"column":null}}]},"1":{"loc":{"start":{"line":41,"column":4},"end":{"line":43,"column":null}},"type":"if","locations":[{"start":{"line":41,"column":4},"end":{"line":43,"column":null}},{"start":{"line":41,"column":4},"end":{"line":43,"column":null}}]},"2":{"loc":{"start":{"line":71,"column":4},"end":{"line":80,"column":null}},"type":"if","locations":[{"start":{"line":71,"column":4},"end":{"line":80,"column":null}},{"start":{"line":71,"column":4},"end":{"line":80,"column":null}}]},"3":{"loc":{"start":{"line":73,"column":8},"end":{"line":75,"column":null}},"type":"if","locations":[{"start":{"line":73,"column":8},"end":{"line":75,"column":null}},{"start":{"line":73,"column":8},"end":{"line":75,"column":null}}]},"4":{"loc":{"start":{"line":82,"column":4},"end":{"line":89,"column":null}},"type":"if","locations":[{"start":{"line":82,"column":4},"end":{"line":89,"column":null}},{"start":{"line":82,"column":4},"end":{"line":89,"column":null}}]},"5":{"loc":{"start":{"line":85,"column":8},"end":{"line":87,"column":null}},"type":"if","locations":[{"start":{"line":85,"column":8},"end":{"line":87,"column":null}},{"start":{"line":85,"column":8},"end":{"line":87,"column":null}}]},"6":{"loc":{"start":{"line":94,"column":8},"end":{"line":98,"column":null}},"type":"if","locations":[{"start":{"line":94,"column":8},"end":{"line":98,"column":null}},{"start":{"line":94,"column":8},"end":{"line":98,"column":null}}]},"7":{"loc":{"start":{"line":123,"column":8},"end":{"line":127,"column":null}},"type":"if","locations":[{"start":{"line":123,"column":8},"end":{"line":127,"column":null}},{"start":{"line":123,"column":8},"end":{"line":127,"column":null}}]}},"s":{"0":1,"1":1,"2":1,"3":1,"4":1,"5":0,"6":0,"7":0,"8":0,"9":1,"10":1,"11":0,"12":0,"13":0,"14":0,"15":0,"16":0,"17":1,"18":1,"19":0,"20":0,"21":0,"22":0,"23":0,"24":0,"25":0,"26":0,"27":0,"28":0,"29":0,"30":0,"31":1,"32":1,"33":0,"34":0,"35":0,"36":0,"37":0,"38":0,"39":0,"40":0,"41":0,"42":0,"43":0,"44":0,"45":0,"46":0,"47":0,"48":0,"49":0,"50":0,"51":0,"52":0,"53":0,"54":0,"55":0,"56":0,"57":1,"58":1,"59":0,"60":0,"61":0,"62":0,"63":0,"64":0,"65":0,"66":0,"67":0,"68":0,"69":1},"f":{"0":0,"1":0,"2":0,"3":0,"4":0,"5":0,"6":0,"7":0,"8":0,"9":0},"b":{"0":[0,0],"1":[0,0],"2":[0,0],"3":[0,0],"4":[0,0],"5":[0,0],"6":[0,0],"7":[0,0]}}
,"C:\\Users\\Dany\\OneDrive\\Escritorio\\Node\\tsServer\\database\\connection.ts": {"path":"C:\\Users\\Dany\\OneDrive\\Escritorio\\Node\\tsServer\\database\\connection.ts","statementMap":{"0":{"start":{"line":1,"column":0},"end":{"line":1,"column":36}},"1":{"start":{"line":2,"column":0},"end":{"line":2,"column":38}},"2":{"start":{"line":3,"column":0},"end":{"line":3,"column":28}},"3":{"start":{"line":5,"column":0},"end":{"line":5,"column":16}},"4":{"start":{"line":8,"column":0},"end":{"line":8,"column":11}},"5":{"start":{"line":10,"column":17},"end":{"line":12,"column":10}},"6":{"start":{"line":14,"column":11},"end":{"line":24,"column":2}},"7":{"start":{"line":26,"column":0},"end":{"line":26,"column":18}}},"fnMap":{},"branchMap":{"0":{"loc":{"start":{"line":11,"column":2},"end":{"line":11,"column":15}},"type":"cond-expr","locations":[{"start":{"line":11,"column":2},"end":{"line":11,"column":15}},{"start":{"line":12,"column":2},"end":{"line":12,"column":10}}]}},"s":{"0":1,"1":1,"2":1,"3":1,"4":1,"5":1,"6":1,"7":1},"f":{},"b":{"0":[1,0]}}
,"C:\\Users\\Dany\\OneDrive\\Escritorio\\Node\\tsServer\\helpers\\validador-db.helper.ts": {"path":"C:\\Users\\Dany\\OneDrive\\Escritorio\\Node\\tsServer\\helpers\\validador-db.helper.ts","statementMap":{"0":{"start":{"line":1,"column":0},"end":{"line":1,"column":38}},"1":{"start":{"line":4,"column":27},"end":{"line":13,"column":null}},"2":{"start":{"line":4,"column":45},"end":{"line":13,"column":null}},"3":{"start":{"line":5,"column":22},"end":{"line":5,"column":65}},"4":{"start":{"line":6,"column":4},"end":{"line":8,"column":null}},"5":{"start":{"line":7,"column":8},"end":{"line":7,"column":57}},"6":{"start":{"line":10,"column":4},"end":{"line":12,"column":null}},"7":{"start":{"line":11,"column":8},"end":{"line":11,"column":86}},"8":{"start":{"line":4,"column":13},"end":{"line":4,"column":27}}},"fnMap":{"0":{"name":"(anonymous_8)","decl":{"start":{"line":4,"column":27},"end":{"line":4,"column":34}},"loc":{"start":{"line":4,"column":45},"end":{"line":13,"column":null}}},"1":{"name":"(anonymous_9)","decl":{"start":{"line":4,"column":45},"end":{"line":4,"column":null}},"loc":{"start":{"line":4,"column":45},"end":{"line":13,"column":1}}}},"branchMap":{"0":{"loc":{"start":{"line":6,"column":4},"end":{"line":8,"column":null}},"type":"if","locations":[{"start":{"line":6,"column":4},"end":{"line":8,"column":null}},{"start":{"line":6,"column":4},"end":{"line":8,"column":null}}]},"1":{"loc":{"start":{"line":10,"column":4},"end":{"line":12,"column":null}},"type":"if","locations":[{"start":{"line":10,"column":4},"end":{"line":12,"column":null}},{"start":{"line":10,"column":4},"end":{"line":12,"column":null}}]}},"s":{"0":1,"1":1,"2":0,"3":0,"4":0,"5":0,"6":0,"7":0,"8":1},"f":{"0":0,"1":0},"b":{"0":[0,0],"1":[0,0]}}
,"C:\\Users\\Dany\\OneDrive\\Escritorio\\Node\\tsServer\\helpers\\validador-post.helper.ts": {"path":"C:\\Users\\Dany\\OneDrive\\Escritorio\\Node\\tsServer\\helpers\\validador-post.helper.ts","statementMap":{"0":{"start":{"line":1,"column":0},"end":{"line":1,"column":46}},"1":{"start":{"line":5,"column":36},"end":{"line":12,"column":1}},"2":{"start":{"line":6,"column":4},"end":{"line":8,"column":null}},"3":{"start":{"line":7,"column":8},"end":{"line":7,"column":82}},"4":{"start":{"line":9,"column":4},"end":{"line":11,"column":null}},"5":{"start":{"line":10,"column":8},"end":{"line":10,"column":87}},"6":{"start":{"line":5,"column":13},"end":{"line":5,"column":36}},"7":{"start":{"line":14,"column":35},"end":{"line":21,"column":null}},"8":{"start":{"line":14,"column":61},"end":{"line":21,"column":null}},"9":{"start":{"line":15,"column":24},"end":{"line":15,"column":55}},"10":{"start":{"line":16,"column":4},"end":{"line":20,"column":null}},"11":{"start":{"line":17,"column":8},"end":{"line":19,"column":null}},"12":{"start":{"line":14,"column":13},"end":{"line":14,"column":35}}},"fnMap":{"0":{"name":"(anonymous_8)","decl":{"start":{"line":5,"column":36},"end":{"line":5,"column":37}},"loc":{"start":{"line":5,"column":61},"end":{"line":12,"column":1}}},"1":{"name":"(anonymous_9)","decl":{"start":{"line":14,"column":35},"end":{"line":14,"column":42}},"loc":{"start":{"line":14,"column":61},"end":{"line":21,"column":null}}},"2":{"name":"(anonymous_10)","decl":{"start":{"line":14,"column":61},"end":{"line":14,"column":null}},"loc":{"start":{"line":14,"column":61},"end":{"line":21,"column":1}}}},"branchMap":{"0":{"loc":{"start":{"line":6,"column":4},"end":{"line":8,"column":null}},"type":"if","locations":[{"start":{"line":6,"column":4},"end":{"line":8,"column":null}},{"start":{"line":6,"column":4},"end":{"line":8,"column":null}}]},"1":{"loc":{"start":{"line":9,"column":4},"end":{"line":11,"column":null}},"type":"if","locations":[{"start":{"line":9,"column":4},"end":{"line":11,"column":null}},{"start":{"line":9,"column":4},"end":{"line":11,"column":null}}]},"2":{"loc":{"start":{"line":9,"column":8},"end":{"line":9,"column":24}},"type":"binary-expr","locations":[{"start":{"line":9,"column":8},"end":{"line":9,"column":24}},{"start":{"line":9,"column":28},"end":{"line":9,"column":44}}]},"3":{"loc":{"start":{"line":16,"column":4},"end":{"line":20,"column":null}},"type":"if","locations":[{"start":{"line":16,"column":4},"end":{"line":20,"column":null}},{"start":{"line":16,"column":4},"end":{"line":20,"column":null}}]}},"s":{"0":1,"1":1,"2":0,"3":0,"4":0,"5":0,"6":1,"7":1,"8":0,"9":0,"10":0,"11":0,"12":1},"f":{"0":0,"1":0,"2":0},"b":{"0":[0,0],"1":[0,0],"2":[0,0],"3":[0,0]}}
,"C:\\Users\\Dany\\OneDrive\\Escritorio\\Node\\tsServer\\helpers\\validador-usuario.helper.ts": {"path":"C:\\Users\\Dany\\OneDrive\\Escritorio\\Node\\tsServer\\helpers\\validador-usuario.helper.ts","statementMap":{"0":{"start":{"line":1,"column":0},"end":{"line":1,"column":38}},"1":{"start":{"line":4,"column":25},"end":{"line":13,"column":null}},"2":{"start":{"line":4,"column":44},"end":{"line":13,"column":null}},"3":{"start":{"line":5,"column":22},"end":{"line":5,"column":65}},"4":{"start":{"line":6,"column":4},"end":{"line":8,"column":null}},"5":{"start":{"line":7,"column":8},"end":{"line":7,"column":65}},"6":{"start":{"line":10,"column":4},"end":{"line":12,"column":null}},"7":{"start":{"line":11,"column":8},"end":{"line":11,"column":85}},"8":{"start":{"line":4,"column":13},"end":{"line":4,"column":25}},"9":{"start":{"line":15,"column":26},"end":{"line":20,"column":1}},"10":{"start":{"line":17,"column":4},"end":{"line":19,"column":null}},"11":{"start":{"line":18,"column":8},"end":{"line":18,"column":87}},"12":{"start":{"line":15,"column":13},"end":{"line":15,"column":26}}},"fnMap":{"0":{"name":"(anonymous_8)","decl":{"start":{"line":4,"column":25},"end":{"line":4,"column":32}},"loc":{"start":{"line":4,"column":44},"end":{"line":13,"column":null}}},"1":{"name":"(anonymous_9)","decl":{"start":{"line":4,"column":44},"end":{"line":4,"column":null}},"loc":{"start":{"line":4,"column":44},"end":{"line":13,"column":1}}},"2":{"name":"(anonymous_10)","decl":{"start":{"line":15,"column":26},"end":{"line":15,"column":27}},"loc":{"start":{"line":15,"column":46},"end":{"line":20,"column":1}}}},"branchMap":{"0":{"loc":{"start":{"line":6,"column":4},"end":{"line":8,"column":null}},"type":"if","locations":[{"start":{"line":6,"column":4},"end":{"line":8,"column":null}},{"start":{"line":6,"column":4},"end":{"line":8,"column":null}}]},"1":{"loc":{"start":{"line":10,"column":4},"end":{"line":12,"column":null}},"type":"if","locations":[{"start":{"line":10,"column":4},"end":{"line":12,"column":null}},{"start":{"line":10,"column":4},"end":{"line":12,"column":null}}]},"2":{"loc":{"start":{"line":17,"column":4},"end":{"line":19,"column":null}},"type":"if","locations":[{"start":{"line":17,"column":4},"end":{"line":19,"column":null}},{"start":{"line":17,"column":4},"end":{"line":19,"column":null}}]}},"s":{"0":1,"1":1,"2":0,"3":0,"4":0,"5":0,"6":0,"7":0,"8":1,"9":1,"10":0,"11":0,"12":1},"f":{"0":0,"1":0,"2":0},"b":{"0":[0,0],"1":[0,0],"2":[0,0]}}
,"C:\\Users\\Dany\\OneDrive\\Escritorio\\Node\\tsServer\\middlewares\\index.ts": {"path":"C:\\Users\\Dany\\OneDrive\\Escritorio\\Node\\tsServer\\middlewares\\index.ts","statementMap":{"0":{"start":{"line":2,"column":0},"end":{"line":2,"column":33}},"1":{"start":{"line":3,"column":0},"end":{"line":3,"column":30}},"2":{"start":{"line":4,"column":0},"end":{"line":4,"column":32}}},"fnMap":{},"branchMap":{},"s":{"0":1,"1":1,"2":1},"f":{},"b":{}}
,"C:\\Users\\Dany\\OneDrive\\Escritorio\\Node\\tsServer\\middlewares\\validar-campos.ts": {"path":"C:\\Users\\Dany\\OneDrive\\Escritorio\\Node\\tsServer\\middlewares\\validar-campos.ts","statementMap":{"0":{"start":{"line":2,"column":0},"end":{"line":2,"column":52}},"1":{"start":{"line":3,"column":0},"end":{"line":3,"column":46}},"2":{"start":{"line":4,"column":0},"end":{"line":4,"column":40}},"3":{"start":{"line":6,"column":29},"end":{"line":14,"column":1}},"4":{"start":{"line":8,"column":19},"end":{"line":8,"column":40}},"5":{"start":{"line":9,"column":4},"end":{"line":11,"column":null}},"6":{"start":{"line":10,"column":8},"end":{"line":10,"column":44}},"7":{"start":{"line":13,"column":4},"end":{"line":13,"column":11}},"8":{"start":{"line":6,"column":13},"end":{"line":6,"column":29}},"9":{"start":{"line":16,"column":27},"end":{"line":22,"column":null}},"10":{"start":{"line":16,"column":47},"end":{"line":22,"column":null}},"11":{"start":{"line":18,"column":24},"end":{"line":18,"column":67}},"12":{"start":{"line":19,"column":4},"end":{"line":21,"column":null}},"13":{"start":{"line":20,"column":7},"end":{"line":20,"column":64}},"14":{"start":{"line":16,"column":13},"end":{"line":16,"column":27}},"15":{"start":{"line":24,"column":31},"end":{"line":30,"column":null}},"16":{"start":{"line":24,"column":50},"end":{"line":30,"column":null}},"17":{"start":{"line":26,"column":24},"end":{"line":26,"column":52}},"18":{"start":{"line":27,"column":4},"end":{"line":29,"column":null}},"19":{"start":{"line":28,"column":7},"end":{"line":28,"column":53}},"20":{"start":{"line":24,"column":13},"end":{"line":24,"column":31}},"21":{"start":{"line":32,"column":28},"end":{"line":38,"column":null}},"22":{"start":{"line":32,"column":47},"end":{"line":38,"column":null}},"23":{"start":{"line":34,"column":23},"end":{"line":34,"column":48}},"24":{"start":{"line":35,"column":4},"end":{"line":37,"column":null}},"25":{"start":{"line":36,"column":7},"end":{"line":36,"column":58}},"26":{"start":{"line":32,"column":13},"end":{"line":32,"column":28}}},"fnMap":{"0":{"name":"(anonymous_8)","decl":{"start":{"line":6,"column":29},"end":{"line":6,"column":30}},"loc":{"start":{"line":6,"column":78},"end":{"line":14,"column":1}}},"1":{"name":"(anonymous_9)","decl":{"start":{"line":16,"column":27},"end":{"line":16,"column":33}},"loc":{"start":{"line":16,"column":47},"end":{"line":22,"column":null}}},"2":{"name":"(anonymous_10)","decl":{"start":{"line":16,"column":47},"end":{"line":16,"column":null}},"loc":{"start":{"line":16,"column":47},"end":{"line":22,"column":1}}},"3":{"name":"(anonymous_11)","decl":{"start":{"line":24,"column":31},"end":{"line":24,"column":37}},"loc":{"start":{"line":24,"column":50},"end":{"line":30,"column":null}}},"4":{"name":"(anonymous_12)","decl":{"start":{"line":24,"column":50},"end":{"line":24,"column":null}},"loc":{"start":{"line":24,"column":50},"end":{"line":30,"column":1}}},"5":{"name":"(anonymous_13)","decl":{"start":{"line":32,"column":28},"end":{"line":32,"column":34}},"loc":{"start":{"line":32,"column":47},"end":{"line":38,"column":null}}},"6":{"name":"(anonymous_14)","decl":{"start":{"line":32,"column":47},"end":{"line":32,"column":null}},"loc":{"start":{"line":32,"column":47},"end":{"line":38,"column":1}}}},"branchMap":{"0":{"loc":{"start":{"line":9,"column":4},"end":{"line":11,"column":null}},"type":"if","locations":[{"start":{"line":9,"column":4},"end":{"line":11,"column":null}},{"start":{"line":9,"column":4},"end":{"line":11,"column":null}}]},"1":{"loc":{"start":{"line":16,"column":41},"end":{"line":16,"column":43}},"type":"default-arg","locations":[{"start":{"line":16,"column":41},"end":{"line":16,"column":43}}]},"2":{"loc":{"start":{"line":19,"column":4},"end":{"line":21,"column":null}},"type":"if","locations":[{"start":{"line":19,"column":4},"end":{"line":21,"column":null}},{"start":{"line":19,"column":4},"end":{"line":21,"column":null}}]},"3":{"loc":{"start":{"line":27,"column":4},"end":{"line":29,"column":null}},"type":"if","locations":[{"start":{"line":27,"column":4},"end":{"line":29,"column":null}},{"start":{"line":27,"column":4},"end":{"line":29,"column":null}}]},"4":{"loc":{"start":{"line":35,"column":4},"end":{"line":37,"column":null}},"type":"if","locations":[{"start":{"line":35,"column":4},"end":{"line":37,"column":null}},{"start":{"line":35,"column":4},"end":{"line":37,"column":null}}]}},"s":{"0":1,"1":1,"2":1,"3":1,"4":2,"5":2,"6":0,"7":2,"8":1,"9":1,"10":0,"11":0,"12":0,"13":0,"14":1,"15":1,"16":0,"17":0,"18":0,"19":0,"20":1,"21":1,"22":0,"23":0,"24":0,"25":0,"26":1},"f":{"0":2,"1":0,"2":0,"3":0,"4":0,"5":0,"6":0},"b":{"0":[0,2],"1":[0],"2":[0,0],"3":[0,0],"4":[0,0]}}
,"C:\\Users\\Dany\\OneDrive\\Escritorio\\Node\\tsServer\\middlewares\\validar-jwt.ts": {"path":"C:\\Users\\Dany\\OneDrive\\Escritorio\\Node\\tsServer\\middlewares\\validar-jwt.ts","statementMap":{"0":{"start":{"line":2,"column":0},"end":{"line":2,"column":31}},"1":{"start":{"line":3,"column":0},"end":{"line":3,"column":38}},"2":{"start":{"line":4,"column":0},"end":{"line":4,"column":46}},"3":{"start":{"line":7,"column":26},"end":{"line":49,"column":null}},"4":{"start":{"line":7,"column":83},"end":{"line":49,"column":null}},"5":{"start":{"line":9,"column":18},"end":{"line":9,"column":39}},"6":{"start":{"line":11,"column":4},"end":{"line":15,"column":null}},"7":{"start":{"line":12,"column":8},"end":{"line":14,"column":null}},"8":{"start":{"line":17,"column":4},"end":{"line":46,"column":null}},"9":{"start":{"line":19,"column":22},"end":{"line":19,"column":57}},"10":{"start":{"line":21,"column":24},"end":{"line":21,"column":51}},"11":{"start":{"line":23,"column":8},"end":{"line":27,"column":null}},"12":{"start":{"line":24,"column":12},"end":{"line":26,"column":15}},"13":{"start":{"line":29,"column":8},"end":{"line":34,"column":null}},"14":{"start":{"line":30,"column":12},"end":{"line":32,"column":15}},"15":{"start":{"line":35,"column":8},"end":{"line":35,"column":30}},"16":{"start":{"line":38,"column":8},"end":{"line":38,"column":15}},"17":{"start":{"line":41,"column":8},"end":{"line":41,"column":27}},"18":{"start":{"line":42,"column":8},"end":{"line":44,"column":11}},"19":{"start":{"line":7,"column":13},"end":{"line":7,"column":26}}},"fnMap":{"0":{"name":"(anonymous_8)","decl":{"start":{"line":7,"column":26},"end":{"line":7,"column":32}},"loc":{"start":{"line":7,"column":83},"end":{"line":49,"column":null}}},"1":{"name":"(anonymous_9)","decl":{"start":{"line":7,"column":83},"end":{"line":7,"column":null}},"loc":{"start":{"line":7,"column":83},"end":{"line":49,"column":1}}}},"branchMap":{"0":{"loc":{"start":{"line":11,"column":4},"end":{"line":15,"column":null}},"type":"if","locations":[{"start":{"line":11,"column":4},"end":{"line":15,"column":null}},{"start":{"line":11,"column":4},"end":{"line":15,"column":null}}]},"1":{"loc":{"start":{"line":23,"column":8},"end":{"line":27,"column":null}},"type":"if","locations":[{"start":{"line":23,"column":8},"end":{"line":27,"column":null}},{"start":{"line":23,"column":8},"end":{"line":27,"column":null}}]},"2":{"loc":{"start":{"line":29,"column":8},"end":{"line":34,"column":null}},"type":"if","locations":[{"start":{"line":29,"column":8},"end":{"line":34,"column":null}},{"start":{"line":29,"column":8},"end":{"line":34,"column":null}}]}},"s":{"0":1,"1":1,"2":1,"3":1,"4":0,"5":0,"6":0,"7":0,"8":0,"9":0,"10":0,"11":0,"12":0,"13":0,"14":0,"15":0,"16":0,"17":0,"18":0,"19":1},"f":{"0":0,"1":0},"b":{"0":[0,0],"1":[0,0],"2":[0,0]}}
,"C:\\Users\\Dany\\OneDrive\\Escritorio\\Node\\tsServer\\middlewares\\validar-roles.ts": {"path":"C:\\Users\\Dany\\OneDrive\\Escritorio\\Node\\tsServer\\middlewares\\validar-roles.ts","statementMap":{"0":{"start":{"line":4,"column":26},"end":{"line":22,"column":1}},"1":{"start":{"line":7,"column":4},"end":{"line":11,"column":null}},"2":{"start":{"line":8,"column":8},"end":{"line":10,"column":11}},"3":{"start":{"line":13,"column":28},"end":{"line":13,"column":39}},"4":{"start":{"line":15,"column":4},"end":{"line":19,"column":null}},"5":{"start":{"line":16,"column":8},"end":{"line":18,"column":11}},"6":{"start":{"line":21,"column":4},"end":{"line":21,"column":11}},"7":{"start":{"line":4,"column":13},"end":{"line":4,"column":26}},"8":{"start":{"line":24,"column":27},"end":{"line":42,"column":1}},"9":{"start":{"line":27,"column":4},"end":{"line":31,"column":null}},"10":{"start":{"line":28,"column":8},"end":{"line":30,"column":11}},"11":{"start":{"line":33,"column":28},"end":{"line":33,"column":39}},"12":{"start":{"line":35,"column":4},"end":{"line":39,"column":null}},"13":{"start":{"line":36,"column":8},"end":{"line":38,"column":11}},"14":{"start":{"line":41,"column":4},"end":{"line":41,"column":11}},"15":{"start":{"line":24,"column":13},"end":{"line":24,"column":27}},"16":{"start":{"line":44,"column":30},"end":{"line":62,"column":1}},"17":{"start":{"line":46,"column":4},"end":{"line":61,"column":null}},"18":{"start":{"line":48,"column":8},"end":{"line":52,"column":null}},"19":{"start":{"line":49,"column":12},"end":{"line":51,"column":15}},"20":{"start":{"line":54,"column":8},"end":{"line":58,"column":null}},"21":{"start":{"line":55,"column":12},"end":{"line":57,"column":15}},"22":{"start":{"line":60,"column":8},"end":{"line":60,"column":15}},"23":{"start":{"line":44,"column":13},"end":{"line":44,"column":30}}},"fnMap":{"0":{"name":"(anonymous_0)","decl":{"start":{"line":4,"column":26},"end":{"line":4,"column":27}},"loc":{"start":{"line":4,"column":78},"end":{"line":22,"column":1}}},"1":{"name":"(anonymous_1)","decl":{"start":{"line":24,"column":27},"end":{"line":24,"column":28}},"loc":{"start":{"line":24,"column":79},"end":{"line":42,"column":1}}},"2":{"name":"(anonymous_2)","decl":{"start":{"line":44,"column":30},"end":{"line":44,"column":31}},"loc":{"start":{"line":44,"column":53},"end":{"line":62,"column":1}}},"3":{"name":"(anonymous_3)","decl":{"start":{"line":46,"column":11},"end":{"line":46,"column":12}},"loc":{"start":{"line":46,"column":63},"end":{"line":61,"column":5}}}},"branchMap":{"0":{"loc":{"start":{"line":7,"column":4},"end":{"line":11,"column":null}},"type":"if","locations":[{"start":{"line":7,"column":4},"end":{"line":11,"column":null}},{"start":{"line":7,"column":4},"end":{"line":11,"column":null}}]},"1":{"loc":{"start":{"line":15,"column":4},"end":{"line":19,"column":null}},"type":"if","locations":[{"start":{"line":15,"column":4},"end":{"line":19,"column":null}},{"start":{"line":15,"column":4},"end":{"line":19,"column":null}}]},"2":{"loc":{"start":{"line":27,"column":4},"end":{"line":31,"column":null}},"type":"if","locations":[{"start":{"line":27,"column":4},"end":{"line":31,"column":null}},{"start":{"line":27,"column":4},"end":{"line":31,"column":null}}]},"3":{"loc":{"start":{"line":35,"column":4},"end":{"line":39,"column":null}},"type":"if","locations":[{"start":{"line":35,"column":4},"end":{"line":39,"column":null}},{"start":{"line":35,"column":4},"end":{"line":39,"column":null}}]},"4":{"loc":{"start":{"line":48,"column":8},"end":{"line":52,"column":null}},"type":"if","locations":[{"start":{"line":48,"column":8},"end":{"line":52,"column":null}},{"start":{"line":48,"column":8},"end":{"line":52,"column":null}}]},"5":{"loc":{"start":{"line":54,"column":8},"end":{"line":58,"column":null}},"type":"if","locations":[{"start":{"line":54,"column":8},"end":{"line":58,"column":null}},{"start":{"line":54,"column":8},"end":{"line":58,"column":null}}]}},"s":{"0":1,"1":0,"2":0,"3":0,"4":0,"5":0,"6":0,"7":1,"8":1,"9":0,"10":0,"11":0,"12":0,"13":0,"14":0,"15":1,"16":1,"17":5,"18":0,"19":0,"20":0,"21":0,"22":0,"23":1},"f":{"0":0,"1":0,"2":5,"3":0},"b":{"0":[0,0],"1":[0,0],"2":[0,0],"3":[0,0],"4":[0,0],"5":[0,0]}}
,"C:\\Users\\Dany\\OneDrive\\Escritorio\\Node\\tsServer\\models\\app.ts": {"path":"C:\\Users\\Dany\\OneDrive\\Escritorio\\Node\\tsServer\\models\\app.ts","statementMap":{"0":{"start":{"line":1,"column":0},"end":{"line":1,"column":30}},"1":{"start":{"line":3,"column":0},"end":{"line":3,"column":47}},"2":{"start":{"line":4,"column":0},"end":{"line":4,"column":52}},"3":{"start":{"line":5,"column":0},"end":{"line":5,"column":50}},"4":{"start":{"line":6,"column":12},"end":{"line":6,"column":21}},"5":{"start":{"line":8,"column":17},"end":{"line":13,"column":null}},"6":{"start":{"line":15,"column":0},"end":{"line":15,"column":36}},"7":{"start":{"line":16,"column":0},"end":{"line":16,"column":40}},"8":{"start":{"line":17,"column":0},"end":{"line":17,"column":37}},"9":{"start":{"line":18,"column":0},"end":{"line":18,"column":41}},"10":{"start":{"line":30,"column":0},"end":{"line":30,"column":19}}},"fnMap":{},"branchMap":{},"s":{"0":1,"1":1,"2":1,"3":1,"4":1,"5":1,"6":1,"7":1,"8":1,"9":1,"10":1},"f":{},"b":{}}
,"C:\\Users\\Dany\\OneDrive\\Escritorio\\Node\\tsServer\\models\\historial-post.model.ts": {"path":"C:\\Users\\Dany\\OneDrive\\Escritorio\\Node\\tsServer\\models\\historial-post.model.ts","statementMap":{"0":{"start":{"line":2,"column":0},"end":{"line":2,"column":38}},"1":{"start":{"line":3,"column":0},"end":{"line":3,"column":40}},"2":{"start":{"line":6,"column":18},"end":{"line":25,"column":2}},"3":{"start":{"line":27,"column":0},"end":{"line":32,"column":null}},"4":{"start":{"line":28,"column":19},"end":{"line":28,"column":48}},"5":{"start":{"line":29,"column":4},"end":{"line":29,"column":28}},"6":{"start":{"line":30,"column":4},"end":{"line":30,"column":28}},"7":{"start":{"line":31,"column":4},"end":{"line":31,"column":18}},"8":{"start":{"line":34,"column":0},"end":{"line":34,"column":25}}},"fnMap":{"0":{"name":"(anonymous_1)","decl":{"start":{"line":27,"column":29},"end":{"line":27,"column":null}},"loc":{"start":{"line":27,"column":29},"end":{"line":32,"column":1}}}},"branchMap":{},"s":{"0":1,"1":1,"2":1,"3":1,"4":0,"5":0,"6":0,"7":0,"8":1},"f":{"0":0},"b":{}}
,"C:\\Users\\Dany\\OneDrive\\Escritorio\\Node\\tsServer\\models\\post.model.ts": {"path":"C:\\Users\\Dany\\OneDrive\\Escritorio\\Node\\tsServer\\models\\post.model.ts","statementMap":{"0":{"start":{"line":1,"column":0},"end":{"line":1,"column":38}},"1":{"start":{"line":2,"column":0},"end":{"line":2,"column":40}},"2":{"start":{"line":5,"column":13},"end":{"line":27,"column":2}},"3":{"start":{"line":29,"column":0},"end":{"line":34,"column":null}},"4":{"start":{"line":30,"column":19},"end":{"line":30,"column":48}},"5":{"start":{"line":31,"column":4},"end":{"line":31,"column":28}},"6":{"start":{"line":32,"column":4},"end":{"line":32,"column":28}},"7":{"start":{"line":33,"column":4},"end":{"line":33,"column":18}},"8":{"start":{"line":36,"column":0},"end":{"line":36,"column":20}}},"fnMap":{"0":{"name":"(anonymous_1)","decl":{"start":{"line":29,"column":24},"end":{"line":29,"column":null}},"loc":{"start":{"line":29,"column":24},"end":{"line":34,"column":1}}}},"branchMap":{},"s":{"0":1,"1":1,"2":1,"3":1,"4":3,"5":3,"6":3,"7":3,"8":1},"f":{"0":3},"b":{}}
,"C:\\Users\\Dany\\OneDrive\\Escritorio\\Node\\tsServer\\models\\review-model.ts": {"path":"C:\\Users\\Dany\\OneDrive\\Escritorio\\Node\\tsServer\\models\\review-model.ts","statementMap":{"0":{"start":{"line":1,"column":0},"end":{"line":1,"column":38}},"1":{"start":{"line":2,"column":0},"end":{"line":2,"column":40}},"2":{"start":{"line":5,"column":15},"end":{"line":27,"column":2}},"3":{"start":{"line":29,"column":0},"end":{"line":29,"column":22}}},"fnMap":{},"branchMap":{},"s":{"0":1,"1":1,"2":1,"3":1},"f":{},"b":{}}
,"C:\\Users\\Dany\\OneDrive\\Escritorio\\Node\\tsServer\\models\\rol.model.ts": {"path":"C:\\Users\\Dany\\OneDrive\\Escritorio\\Node\\tsServer\\models\\rol.model.ts","statementMap":{"0":{"start":{"line":1,"column":0},"end":{"line":1,"column":38}},"1":{"start":{"line":2,"column":0},"end":{"line":2,"column":40}},"2":{"start":{"line":5,"column":12},"end":{"line":10,"column":2}},"3":{"start":{"line":12,"column":0},"end":{"line":12,"column":19}}},"fnMap":{},"branchMap":{},"s":{"0":1,"1":1,"2":1,"3":1},"f":{},"b":{}}
,"C:\\Users\\Dany\\OneDrive\\Escritorio\\Node\\tsServer\\models\\usuario.model.ts": {"path":"C:\\Users\\Dany\\OneDrive\\Escritorio\\Node\\tsServer\\models\\usuario.model.ts","statementMap":{"0":{"start":{"line":1,"column":0},"end":{"line":1,"column":38}},"1":{"start":{"line":2,"column":0},"end":{"line":2,"column":40}},"2":{"start":{"line":4,"column":16},"end":{"line":29,"column":2}},"3":{"start":{"line":31,"column":0},"end":{"line":35,"column":null}},"4":{"start":{"line":32,"column":19},"end":{"line":32,"column":48}},"5":{"start":{"line":33,"column":4},"end":{"line":33,"column":27}},"6":{"start":{"line":34,"column":4},"end":{"line":34,"column":18}},"7":{"start":{"line":37,"column":0},"end":{"line":37,"column":23}}},"fnMap":{"0":{"name":"(anonymous_1)","decl":{"start":{"line":31,"column":27},"end":{"line":31,"column":null}},"loc":{"start":{"line":31,"column":27},"end":{"line":35,"column":1}}}},"branchMap":{},"s":{"0":1,"1":1,"2":1,"3":1,"4":0,"5":0,"6":0,"7":1},"f":{"0":0},"b":{}}
,"C:\\Users\\Dany\\OneDrive\\Escritorio\\Node\\tsServer\\routes\\post.routes.ts": {"path":"C:\\Users\\Dany\\OneDrive\\Escritorio\\Node\\tsServer\\routes\\post.routes.ts","statementMap":{"0":{"start":{"line":1,"column":0},"end":{"line":1,"column":33}},"1":{"start":{"line":2,"column":0},"end":{"line":2,"column":42}},"2":{"start":{"line":3,"column":0},"end":{"line":3,"column":121}},"3":{"start":{"line":4,"column":0},"end":{"line":4,"column":60}},"4":{"start":{"line":5,"column":0},"end":{"line":5,"column":62}},"5":{"start":{"line":6,"column":0},"end":{"line":6,"column":61}},"6":{"start":{"line":8,"column":15},"end":{"line":8,"column":23}},"7":{"start":{"line":11,"column":0},"end":{"line":11,"column":30}},"8":{"start":{"line":13,"column":0},"end":{"line":15,"column":12}},"9":{"start":{"line":18,"column":0},"end":{"line":24,"column":18}},"10":{"start":{"line":27,"column":0},"end":{"line":33,"column":12}},"11":{"start":{"line":35,"column":0},"end":{"line":41,"column":15}},"12":{"start":{"line":48,"column":0},"end":{"line":52,"column":21}},"13":{"start":{"line":57,"column":0},"end":{"line":57,"column":22}}},"fnMap":{},"branchMap":{},"s":{"0":1,"1":1,"2":1,"3":1,"4":1,"5":1,"6":1,"7":1,"8":1,"9":1,"10":1,"11":1,"12":1,"13":1},"f":{},"b":{}}
,"C:\\Users\\Dany\\OneDrive\\Escritorio\\Node\\tsServer\\routes\\reviews.routes.ts": {"path":"C:\\Users\\Dany\\OneDrive\\Escritorio\\Node\\tsServer\\routes\\reviews.routes.ts","statementMap":{"0":{"start":{"line":1,"column":0},"end":{"line":1,"column":33}},"1":{"start":{"line":2,"column":0},"end":{"line":2,"column":48}},"2":{"start":{"line":3,"column":0},"end":{"line":3,"column":74}},"3":{"start":{"line":4,"column":0},"end":{"line":4,"column":61}},"4":{"start":{"line":5,"column":0},"end":{"line":5,"column":56}},"5":{"start":{"line":6,"column":0},"end":{"line":6,"column":62}},"6":{"start":{"line":8,"column":15},"end":{"line":8,"column":23}},"7":{"start":{"line":11,"column":0},"end":{"line":16,"column":14}},"8":{"start":{"line":18,"column":0},"end":{"line":24,"column":14}},"9":{"start":{"line":26,"column":0},"end":{"line":26,"column":22}}},"fnMap":{},"branchMap":{},"s":{"0":1,"1":1,"2":1,"3":1,"4":1,"5":1,"6":1,"7":1,"8":1,"9":1},"f":{},"b":{}}
,"C:\\Users\\Dany\\OneDrive\\Escritorio\\Node\\tsServer\\routes\\usuario.routes.ts": {"path":"C:\\Users\\Dany\\OneDrive\\Escritorio\\Node\\tsServer\\routes\\usuario.routes.ts","statementMap":{"0":{"start":{"line":1,"column":0},"end":{"line":1,"column":32}},"1":{"start":{"line":2,"column":0},"end":{"line":2,"column":48}},"2":{"start":{"line":3,"column":0},"end":{"line":3,"column":118}},"3":{"start":{"line":4,"column":0},"end":{"line":4,"column":61}},"4":{"start":{"line":5,"column":0},"end":{"line":5,"column":101}},"5":{"start":{"line":8,"column":15},"end":{"line":8,"column":23}},"6":{"start":{"line":10,"column":0},"end":{"line":14,"column":15}},"7":{"start":{"line":16,"column":0},"end":{"line":20,"column":14}},"8":{"start":{"line":22,"column":0},"end":{"line":31,"column":17}},"9":{"start":{"line":33,"column":0},"end":{"line":41,"column":15}},"10":{"start":{"line":43,"column":0},"end":{"line":49,"column":21}},"11":{"start":{"line":52,"column":0},"end":{"line":52,"column":22}}},"fnMap":{},"branchMap":{},"s":{"0":1,"1":1,"2":1,"3":1,"4":1,"5":1,"6":1,"7":1,"8":1,"9":1,"10":1,"11":1},"f":{},"b":{}}
}
