TN:
SF:__test__\helpers\login.ts
FN:25,(anonymous_7)
FN:25,(anonymous_8)
FN:33,(anonymous_9)
FN:33,(anonymous_10)
FN:41,(anonymous_11)
FN:41,(anonymous_12)
FNF:6
FNH:6
FNDA:16,(anonymous_7)
FNDA:16,(anonymous_8)
FNDA:16,(anonymous_9)
FNDA:16,(anonymous_10)
FNDA:16,(anonymous_11)
FNDA:16,(anonymous_12)
DA:2,3
DA:4,3
DA:9,3
DA:14,3
DA:19,3
DA:25,16
DA:26,16
DA:28,16
DA:33,16
DA:34,16
DA:36,16
DA:41,16
DA:42,16
DA:44,16
LF:14
LH:14
BRF:0
BRH:0
end_of_record
TN:
SF:__test__\helpers\post.ts
FN:28,(anonymous_8)
FN:28,(anonymous_9)
FN:31,(anonymous_10)
FNF:3
FNH:3
FNDA:2,(anonymous_8)
FNDA:2,(anonymous_9)
FNDA:5,(anonymous_10)
DA:1,3
DA:2,3
DA:4,3
DA:7,3
DA:21,3
DA:28,3
DA:29,2
DA:30,2
DA:31,5
LF:9
LH:9
BRF:0
BRH:0
end_of_record
TN:
SF:config\config.ts
FNF:0
FNH:0
DA:1,3
LF:1
LH:1
BRF:0
BRH:0
end_of_record
TN:
SF:controllers\auth.controller.ts
FN:8,(anonymous_8)
FN:8,(anonymous_9)
FNF:2
FNH:2
FNDA:50,(anonymous_8)
FNDA:50,(anonymous_9)
DA:2,3
DA:3,3
DA:4,3
DA:8,50
DA:10,50
DA:11,50
DA:13,50
DA:14,50
DA:15,1
DA:20,49
DA:21,0
DA:27,49
DA:28,49
DA:29,0
DA:35,49
DA:37,49
DA:42,0
DA:43,0
LF:18
LH:14
BRDA:14,0,0,1
BRDA:14,0,1,49
BRDA:20,1,0,0
BRDA:20,1,1,49
BRDA:28,2,0,0
BRDA:28,2,1,49
BRF:6
BRH:4
end_of_record
TN:
SF:controllers\post.controller.ts
FN:9,(anonymous_9)
FN:9,(anonymous_10)
FN:24,(anonymous_11)
FN:24,(anonymous_12)
FN:56,(anonymous_13)
FN:56,(anonymous_14)
FN:69,(anonymous_15)
FN:69,(anonymous_16)
FN:117,(anonymous_17)
FN:117,(anonymous_18)
FN:167,(anonymous_19)
FN:167,(anonymous_20)
FN:210,(anonymous_21)
FN:210,(anonymous_22)
FNF:14
FNH:6
FNDA:4,(anonymous_9)
FNDA:4,(anonymous_10)
FNDA:0,(anonymous_11)
FNDA:0,(anonymous_12)
FNDA:2,(anonymous_13)
FNDA:2,(anonymous_14)
FNDA:1,(anonymous_15)
FNDA:1,(anonymous_16)
FNDA:0,(anonymous_17)
FNDA:0,(anonymous_18)
FNDA:0,(anonymous_19)
FNDA:0,(anonymous_20)
FNDA:0,(anonymous_21)
FNDA:0,(anonymous_22)
DA:2,3
DA:3,3
DA:4,3
DA:5,3
DA:9,4
DA:10,4
DA:15,4
DA:17,4
DA:24,3
DA:26,0
DA:28,0
DA:29,0
DA:34,0
DA:42,0
DA:47,0
DA:49,0
DA:56,3
DA:57,2
DA:58,2
DA:60,2
DA:61,1
DA:63,1
DA:69,3
DA:71,1
DA:72,1
DA:74,1
DA:76,1
DA:84,1
DA:86,1
DA:87,1
DA:88,1
DA:90,1
DA:91,1
DA:97,1
DA:98,1
DA:103,1
DA:109,0
DA:110,0
DA:117,3
DA:119,0
DA:120,0
DA:121,0
DA:123,0
DA:124,0
DA:125,0
DA:130,0
DA:135,0
DA:137,0
DA:138,0
DA:139,0
DA:140,0
DA:147,0
DA:148,0
DA:152,0
DA:159,0
DA:160,0
DA:167,3
DA:169,0
DA:171,0
DA:173,0
DA:174,0
DA:175,0
DA:181,0
DA:183,0
DA:184,0
DA:185,0
DA:192,0
DA:193,0
DA:196,0
DA:202,0
DA:203,0
DA:210,3
DA:211,0
DA:213,0
DA:215,0
DA:216,0
DA:221,0
DA:224,0
DA:225,0
DA:226,0
LF:80
LH:32
BRDA:60,0,0,1
BRDA:60,0,1,1
BRDA:90,1,0,1
BRDA:90,1,1,0
BRDA:124,2,0,0
BRDA:124,2,1,0
BRDA:137,3,0,0
BRDA:137,3,1,0
BRDA:174,4,0,0
BRDA:174,4,1,0
BRDA:215,5,0,0
BRDA:215,5,1,0
BRDA:221,6,0,0
BRDA:221,6,1,0
BRDA:221,7,0,0
BRDA:221,7,1,0
BRDA:224,8,0,0
BRDA:224,8,1,0
BRF:18
BRH:3
end_of_record
TN:
SF:controllers\review.controller.ts
FN:7,(anonymous_8)
FN:7,(anonymous_9)
FN:29,(anonymous_10)
FN:29,(anonymous_11)
FNF:4
FNH:0
FNDA:0,(anonymous_8)
FNDA:0,(anonymous_9)
FNDA:0,(anonymous_10)
FNDA:0,(anonymous_11)
DA:2,3
DA:3,3
DA:4,3
DA:7,3
DA:9,0
DA:10,0
DA:14,0
DA:20,0
DA:29,3
DA:31,0
DA:32,0
DA:33,0
DA:35,0
DA:43,0
DA:44,0
DA:45,0
DA:46,0
DA:48,0
DA:51,0
DA:52,0
DA:53,0
DA:54,0
DA:56,0
DA:59,0
DA:60,0
DA:61,0
DA:64,0
DA:65,0
DA:70,0
LF:29
LH:5
BRDA:43,0,0,0
BRDA:43,0,1,0
BRDA:45,1,0,0
BRDA:45,1,1,0
BRDA:51,2,0,0
BRDA:51,2,1,0
BRDA:53,3,0,0
BRDA:53,3,1,0
BRF:8
BRH:0
end_of_record
TN:
SF:controllers\usuario.controller.ts
FN:8,(anonymous_9)
FN:8,(anonymous_10)
FN:24,(anonymous_11)
FN:24,(anonymous_12)
FN:38,(anonymous_13)
FN:38,(anonymous_14)
FN:67,(anonymous_15)
FN:67,(anonymous_16)
FN:111,(anonymous_17)
FN:111,(anonymous_18)
FNF:10
FNH:4
FNDA:1,(anonymous_9)
FNDA:1,(anonymous_10)
FNDA:0,(anonymous_11)
FNDA:0,(anonymous_12)
FNDA:0,(anonymous_13)
FNDA:0,(anonymous_14)
FNDA:1,(anonymous_15)
FNDA:1,(anonymous_16)
FNDA:0,(anonymous_17)
FNDA:0,(anonymous_18)
DA:2,3
DA:3,3
DA:4,3
DA:5,3
DA:8,3
DA:11,1
DA:13,1
DA:18,1
DA:24,3
DA:26,0
DA:27,0
DA:29,0
DA:30,0
DA:32,0
DA:38,3
DA:40,0
DA:41,0
DA:42,0
DA:45,0
DA:48,0
DA:49,0
DA:51,0
DA:53,0
DA:54,0
DA:58,0
DA:59,0
DA:67,3
DA:68,1
DA:69,1
DA:71,1
DA:73,0
DA:74,0
DA:77,1
DA:78,0
DA:80,0
DA:81,0
DA:83,0
DA:86,1
DA:88,1
DA:89,1
DA:90,0
DA:95,1
DA:97,1
DA:104,0
DA:105,0
DA:111,3
DA:113,0
DA:115,0
DA:117,0
DA:118,0
DA:119,0
DA:124,0
DA:126,0
DA:132,0
DA:133,0
LF:55
LH:21
BRDA:29,0,0,0
BRDA:29,0,1,0
BRDA:41,1,0,0
BRDA:41,1,1,0
BRDA:71,2,0,0
BRDA:71,2,1,1
BRDA:77,3,0,0
BRDA:77,3,1,1
BRDA:80,4,0,0
BRDA:80,4,1,0
BRDA:89,5,0,0
BRDA:89,5,1,1
BRDA:118,6,0,0
BRDA:118,6,1,0
BRF:14
BRH:3
end_of_record
TN:
SF:database\connection.ts
FNF:0
FNH:0
DA:1,3
DA:2,3
DA:3,3
DA:5,3
DA:8,3
DA:10,3
DA:14,3
DA:26,3
LF:8
LH:8
BRDA:11,0,0,3
BRDA:11,0,1,0
BRF:2
BRH:1
end_of_record
TN:
SF:helpers\token-jwt.helper.ts
FN:5,(anonymous_1)
FNF:1
FNH:1
FNDA:49,(anonymous_1)
DA:1,3
DA:2,3
DA:5,3
DA:6,49
DA:7,49
DA:11,49
DA:14,3
LF:7
LH:7
BRF:0
BRH:0
end_of_record
TN:
SF:helpers\validador-db.helper.ts
FN:4,(anonymous_8)
FN:4,(anonymous_9)
FNF:2
FNH:0
FNDA:0,(anonymous_8)
FNDA:0,(anonymous_9)
DA:1,3
DA:4,3
DA:5,0
DA:6,0
DA:7,0
DA:10,0
DA:11,0
LF:7
LH:2
BRDA:6,0,0,0
BRDA:6,0,1,0
BRDA:10,1,0,0
BRDA:10,1,1,0
BRF:4
BRH:0
end_of_record
TN:
SF:helpers\validador-post.helper.ts
FN:5,(anonymous_8)
FN:14,(anonymous_9)
FN:14,(anonymous_10)
FN:23,(anonymous_11)
FN:26,(anonymous_12)
FNF:5
FNH:2
FNDA:0,(anonymous_8)
FNDA:0,(anonymous_9)
FNDA:0,(anonymous_10)
FNDA:4,(anonymous_11)
FNDA:9,(anonymous_12)
DA:1,3
DA:5,3
DA:6,0
DA:7,0
DA:9,0
DA:10,0
DA:14,3
DA:15,0
DA:16,0
DA:17,0
DA:23,3
DA:24,4
DA:26,4
DA:27,9
DA:28,9
DA:29,9
DA:31,9
DA:32,0
DA:36,4
LF:19
LH:11
BRDA:6,0,0,0
BRDA:6,0,1,0
BRDA:9,1,0,0
BRDA:9,1,1,0
BRDA:9,2,0,0
BRDA:9,2,1,0
BRDA:16,3,0,0
BRDA:16,3,1,0
BRDA:31,4,0,0
BRDA:31,4,1,9
BRF:10
BRH:1
end_of_record
TN:
SF:helpers\validador-usuario.helper.ts
FN:4,(anonymous_8)
FN:4,(anonymous_9)
FNF:2
FNH:0
FNDA:0,(anonymous_8)
FNDA:0,(anonymous_9)
DA:1,3
DA:4,3
DA:5,0
DA:6,0
DA:7,0
DA:10,0
DA:11,0
LF:7
LH:2
BRDA:6,0,0,0
BRDA:6,0,1,0
BRDA:10,1,0,0
BRDA:10,1,1,0
BRF:4
BRH:0
end_of_record
TN:
SF:middlewares\index.ts
FNF:0
FNH:0
DA:2,3
DA:3,3
DA:4,3
LF:3
LH:3
BRF:0
BRH:0
end_of_record
TN:
SF:middlewares\validar-campos.ts
FN:6,(anonymous_8)
FN:16,(anonymous_9)
FN:16,(anonymous_10)
FN:24,(anonymous_11)
FN:24,(anonymous_12)
FN:32,(anonymous_13)
FN:32,(anonymous_14)
FN:40,(anonymous_15)
FN:40,(anonymous_16)
FNF:9
FNH:5
FNDA:59,(anonymous_8)
FNDA:2,(anonymous_9)
FNDA:2,(anonymous_10)
FNDA:2,(anonymous_11)
FNDA:2,(anonymous_12)
FNDA:0,(anonymous_13)
FNDA:0,(anonymous_14)
FNDA:0,(anonymous_15)
FNDA:0,(anonymous_16)
DA:2,3
DA:3,3
DA:4,3
DA:6,3
DA:8,59
DA:9,59
DA:10,4
DA:13,55
DA:16,3
DA:18,2
DA:19,2
DA:20,0
DA:24,3
DA:26,2
DA:27,2
DA:28,0
DA:32,3
DA:35,0
DA:36,0
DA:40,3
DA:42,0
DA:43,0
DA:44,0
LF:23
LH:16
BRDA:9,0,0,4
BRDA:9,0,1,55
BRDA:16,1,0,2
BRDA:19,2,0,0
BRDA:19,2,1,2
BRDA:27,3,0,0
BRDA:27,3,1,2
BRDA:35,4,0,0
BRDA:35,4,1,0
BRDA:43,5,0,0
BRDA:43,5,1,0
BRF:11
BRH:5
end_of_record
TN:
SF:middlewares\validar-jwt.ts
FN:7,(anonymous_8)
FN:7,(anonymous_9)
FNF:2
FNH:2
FNDA:12,(anonymous_8)
FNDA:12,(anonymous_9)
DA:2,3
DA:3,3
DA:4,3
DA:7,12
DA:9,12
DA:11,12
DA:12,3
DA:17,9
DA:19,9
DA:21,9
DA:23,9
DA:24,0
DA:29,9
DA:30,0
DA:35,9
DA:38,9
DA:41,0
DA:42,0
LF:18
LH:14
BRDA:11,0,0,3
BRDA:11,0,1,9
BRDA:23,1,0,0
BRDA:23,1,1,9
BRDA:29,2,0,0
BRDA:29,2,1,9
BRF:6
BRH:4
end_of_record
TN:
SF:middlewares\validar-roles.ts
FN:4,(anonymous_0)
FN:24,(anonymous_1)
FN:44,(anonymous_2)
FN:46,(anonymous_3)
FNF:4
FNH:3
FNDA:5,(anonymous_0)
FNDA:0,(anonymous_1)
FNDA:15,(anonymous_2)
FNDA:4,(anonymous_3)
DA:4,3
DA:7,5
DA:8,0
DA:13,5
DA:15,5
DA:16,2
DA:21,3
DA:24,3
DA:27,0
DA:28,0
DA:33,0
DA:35,0
DA:36,0
DA:41,0
DA:44,3
DA:46,15
DA:48,4
DA:49,0
DA:54,4
DA:55,1
DA:60,3
LF:21
LH:13
BRDA:7,0,0,0
BRDA:7,0,1,5
BRDA:15,1,0,2
BRDA:15,1,1,3
BRDA:27,2,0,0
BRDA:27,2,1,0
BRDA:35,3,0,0
BRDA:35,3,1,0
BRDA:48,4,0,0
BRDA:48,4,1,4
BRDA:54,5,0,1
BRDA:54,5,1,3
BRF:12
BRH:6
end_of_record
TN:
SF:models\app.ts
FNF:0
FNH:0
DA:1,3
DA:2,3
DA:3,3
DA:4,3
DA:5,3
DA:6,3
DA:8,3
DA:10,3
DA:17,3
DA:18,3
DA:19,3
DA:20,3
DA:21,3
DA:24,3
LF:14
LH:14
BRF:0
BRH:0
end_of_record
TN:
SF:models\historial-post.model.ts
FN:27,(anonymous_1)
FNF:1
FNH:0
FNDA:0,(anonymous_1)
DA:2,3
DA:3,3
DA:6,3
DA:27,3
DA:28,0
DA:29,0
DA:30,0
DA:31,0
DA:34,3
LF:9
LH:5
BRF:0
BRH:0
end_of_record
TN:
SF:models\post.model.ts
FN:29,(anonymous_1)
FNF:1
FNH:1
FNDA:10,(anonymous_1)
DA:1,3
DA:2,3
DA:5,3
DA:29,3
DA:30,10
DA:31,10
DA:32,10
DA:33,10
DA:36,3
LF:9
LH:9
BRF:0
BRH:0
end_of_record
TN:
SF:models\review-model.ts
FNF:0
FNH:0
DA:1,3
DA:2,3
DA:5,3
DA:29,3
LF:4
LH:4
BRF:0
BRH:0
end_of_record
TN:
SF:models\rol.model.ts
FNF:0
FNH:0
DA:1,3
DA:2,3
DA:5,3
DA:12,3
LF:4
LH:4
BRF:0
BRH:0
end_of_record
TN:
SF:models\usuario.model.ts
FN:31,(anonymous_1)
FNF:1
FNH:1
FNDA:53,(anonymous_1)
DA:1,3
DA:2,3
DA:4,3
DA:31,3
DA:32,53
DA:33,53
DA:34,53
DA:37,3
LF:8
LH:8
BRF:0
BRH:0
end_of_record
TN:
SF:routes\auth.routes.ts
FNF:0
FNH:0
DA:1,3
DA:2,3
DA:3,3
DA:4,3
DA:6,3
DA:8,3
DA:14,3
LF:7
LH:7
BRF:0
BRH:0
end_of_record
TN:
SF:routes\post.routes.ts
FNF:0
FNH:0
DA:1,3
DA:2,3
DA:3,3
DA:4,3
DA:5,3
DA:6,3
DA:9,3
DA:12,3
DA:14,3
DA:18,3
DA:25,3
DA:34,3
DA:43,3
DA:56,3
DA:65,3
LF:15
LH:15
BRF:0
BRH:0
end_of_record
TN:
SF:routes\reviews.routes.ts
FNF:0
FNH:0
DA:1,3
DA:2,3
DA:3,3
DA:4,3
DA:5,3
DA:6,3
DA:8,3
DA:11,3
DA:18,3
DA:26,3
LF:10
LH:10
BRF:0
BRH:0
end_of_record
TN:
SF:routes\usuario.routes.ts
FNF:0
FNH:0
DA:1,3
DA:2,3
DA:3,3
DA:4,3
DA:5,3
DA:8,3
DA:10,3
DA:16,3
DA:22,3
DA:33,3
DA:44,3
DA:54,3
LF:12
LH:12
BRF:0
BRH:0
end_of_record
